<?xml version="1.0" encoding="UTF-8"?>
<testsuite xmlns:xsi="http://www.w3.org/2001/XMLSchema-instance" xsi:noNamespaceSchemaLocation="https://maven.apache.org/surefire/maven-surefire-plugin/xsd/surefire-test-report.xsd" version="3.0.2" name="com.example.velocitylimits.VennSampleDataTest" time="6.654" tests="1" errors="0" skipped="0" failures="0">
  <properties>
[...]
</properties>
  <testcase name="shouldMatchExpectedOutputForVennSampleData" classname="com.example.velocitylimits.VennSampleDataTest" time="2.29">
    <system-out><![CDATA[15:38:11.043 [main] INFO org.springframework.test.context.support.AnnotationConfigContextLoaderUtils -- Could not detect default configuration classes for test class [com.example.velocitylimits.VennSampleDataTest]: VennSampleDataTest does not declare any static, non-private, non-final, nested classes annotated with @Configuration.
15:38:11.164 [main] INFO org.springframework.boot.test.context.SpringBootTestContextBootstrapper -- Found @SpringBootConfiguration com.example.velocitylimits.VelocityLimitsApplication for test class com.example.velocitylimits.VennSampleDataTest

  .   ____          _            __ _ _
 /\\ / ___'_ __ _ _(_)_ __  __ _ \ \ \ \
( ( )\___ | '_ | '_| | '_ \/ _` | \ \ \ \
 \\/  ___)| |_)| | | | | || (_| |  ) ) ) )
  '  |____| .__|_| |_|_| |_\__, | / / / /
 =========|_|==============|___/=/_/_/_/

 :: Spring Boot ::                (v3.4.0)

2026-06-10T15:38:11.519+02:00  INFO 23328 --- [           main] c.e.velocitylimits.VennSampleDataTest    : Starting VennSampleDataTest using Java 24.0.1 with PID 23328 (started by mati in /Users/mati/Projects/venn-home-assignment)
2026-06-10T15:38:11.521+02:00  INFO 23328 --- [           main] c.e.velocitylimits.VennSampleDataTest    : No active profile set, falling back to 1 default profile: "default"
2026-06-10T15:38:11.927+02:00  INFO 23328 --- [           main] .s.d.r.c.RepositoryConfigurationDelegate : Bootstrapping Spring Data JPA repositories in DEFAULT mode.
2026-06-10T15:38:11.980+02:00  INFO 23328 --- [           main] .s.d.r.c.RepositoryConfigurationDelegate : Finished Spring Data repository scanning in 42 ms. Found 1 JPA repository interface.
2026-06-10T15:38:13.090+02:00  INFO 23328 --- [           main] o.hibernate.jpa.internal.util.LogHelper  : HHH000204: Processing PersistenceUnitInfo [name: default]
2026-06-10T15:38:13.144+02:00  INFO 23328 --- [           main] org.hibernate.Version                    : HHH000412: Hibernate ORM core version 6.6.2.Final
2026-06-10T15:38:13.186+02:00  INFO 23328 --- [           main] o.h.c.internal.RegionFactoryInitiator    : HHH000026: Second-level cache disabled
2026-06-10T15:38:13.323+02:00  INFO 23328 --- [           main] o.s.o.j.p.SpringPersistenceUnitInfo      : No LoadTimeWeaver setup: ignoring JPA class transformer
2026-06-10T15:38:13.349+02:00  INFO 23328 --- [           main] com.zaxxer.hikari.HikariDataSource       : HikariPool-1 - Starting...
2026-06-10T15:38:13.493+02:00  INFO 23328 --- [           main] com.zaxxer.hikari.pool.HikariPool        : HikariPool-1 - Added connection conn0: url=jdbc:h2:mem:velocitydb user=SA
2026-06-10T15:38:13.494+02:00  INFO 23328 --- [           main] com.zaxxer.hikari.HikariDataSource       : HikariPool-1 - Start completed.
2026-06-10T15:38:13.514+02:00  WARN 23328 --- [           main] org.hibernate.orm.deprecation            : HHH90000025: H2Dialect does not need to be specified explicitly using 'hibernate.dialect' (remove the property setting and it will be selected by default)
2026-06-10T15:38:13.533+02:00  INFO 23328 --- [           main] org.hibernate.orm.connections.pooling    : HHH10001005: Database info:
	Database JDBC URL [Connecting through datasource 'HikariDataSource (HikariPool-1)']
	Database driver: undefined/unknown
	Database version: 2.3.232
	Autocommit mode: undefined/unknown
	Isolation level: undefined/unknown
	Minimum pool size: undefined/unknown
	Maximum pool size: undefined/unknown
2026-06-10T15:38:14.066+02:00  INFO 23328 --- [           main] o.h.e.t.j.p.i.JtaPlatformInitiator       : HHH000489: No JTA platform available (set 'hibernate.transaction.jta.platform' to enable JTA platform integration)
2026-06-10T15:38:14.103+02:00  INFO 23328 --- [           main] j.LocalContainerEntityManagerFactoryBean : Initialized JPA EntityManagerFactory for persistence unit 'default'
2026-06-10T15:38:14.346+02:00  INFO 23328 --- [           main] o.s.d.j.r.query.QueryEnhancerFactory     : Hibernate is in classpath; If applicable, HQL parser will be used.
2026-06-10T15:38:15.241+02:00  INFO 23328 --- [           main] c.e.velocitylimits.VennSampleDataTest    : Started VennSampleDataTest in 3.948 seconds (process running for 4.836)
2026-06-10T15:38:15.379+02:00  INFO 23328 --- [           main] c.e.v.processor.LoadProcessor            : Starting processing: input=venn_input.txt, output=/var/folders/_k/0cqk62ys5q5chvnj5h6751hw0000gq/T/junit-5164074254311500670/output.txt
2026-06-10T15:38:15.489+02:00  INFO 23328 --- [           main] c.e.v.service.VelocityService            : Processed: customerId=528, loadId=15887, amount=3318.47, accepted=true
2026-06-10T15:38:15.510+02:00  INFO 23328 --- [           main] c.e.v.service.VelocityService            : Processed: customerId=154, loadId=30081, amount=1413.18, accepted=true
2026-06-10T15:38:15.514+02:00  INFO 23328 --- [           main] c.e.v.service.VelocityService            : Processed: customerId=426, loadId=26540, amount=404.56, accepted=true
2026-06-10T15:38:15.518+02:00  INFO 23328 --- [           main] c.e.v.service.VelocityService            : Processed: customerId=1, loadId=10694, amount=785.11, accepted=true
2026-06-10T15:38:15.522+02:00  INFO 23328 --- [           main] c.e.v.service.VelocityService            : Processed: customerId=205, loadId=15089, amount=2247.28, accepted=true
2026-06-10T15:38:15.525+02:00  INFO 23328 --- [           main] c.e.v.service.VelocityService            : Processed: customerId=409, loadId=3211, amount=314.45, accepted=true
2026-06-10T15:38:15.529+02:00  INFO 23328 --- [           main] c.e.v.service.VelocityService            : Processed: customerId=630, loadId=27106, amount=1404.95, accepted=true
2026-06-10T15:38:15.532+02:00  INFO 23328 --- [           main] c.e.v.service.VelocityService            : Processed: customerId=273, loadId=7528, amount=5862.58, accepted=false
2026-06-10T15:38:15.536+02:00  INFO 23328 --- [           main] c.e.v.service.VelocityService            : Processed: customerId=800, loadId=27947, amount=3382.87, accepted=true
2026-06-10T15:38:15.540+02:00  INFO 23328 --- [           main] c.e.v.service.VelocityService            : Processed: customerId=647, loadId=20790, amount=3930.15, accepted=true
2026-06-10T15:38:15.545+02:00  INFO 23328 --- [           main] c.e.v.service.VelocityService            : Processed: customerId=698, loadId=12408, amount=4073.87, accepted=true
2026-06-10T15:38:15.549+02:00  INFO 23328 --- [           main] c.e.v.service.VelocityService            : Processed: customerId=528, loadId=11429, amount=2253.56, accepted=false
2026-06-10T15:38:15.554+02:00  INFO 23328 --- [           main] c.e.v.service.VelocityService            : Processed: customerId=630, loadId=16631, amount=5114.85, accepted=false
2026-06-10T15:38:15.558+02:00  INFO 23328 --- [           main] c.e.v.service.VelocityService            : Processed: customerId=443, loadId=22413, amount=4030.90, accepted=true
2026-06-10T15:38:15.562+02:00  INFO 23328 --- [           main] c.e.v.service.VelocityService            : Processed: customerId=749, loadId=10563, amount=3124.33, accepted=true
2026-06-10T15:38:15.566+02:00  INFO 23328 --- [           main] c.e.v.service.VelocityService            : Processed: customerId=800, loadId=26078, amount=3643.24, accepted=false
2026-06-10T15:38:15.570+02:00  INFO 23328 --- [           main] c.e.v.service.VelocityService            : Processed: customerId=154, loadId=11353, amount=3519.57, accepted=true
2026-06-10T15:38:15.574+02:00  INFO 23328 --- [           main] c.e.v.service.VelocityService            : Processed: customerId=358, loadId=19189, amount=4821.99, accepted=true
2026-06-10T15:38:15.577+02:00  INFO 23328 --- [           main] c.e.v.service.VelocityService            : Processed: customerId=1, loadId=18705, amount=3628.88, accepted=true
2026-06-10T15:38:15.581+02:00  INFO 23328 --- [           main] c.e.v.service.VelocityService            : Processed: customerId=647, loadId=25703, amount=5893.55, accepted=false
2026-06-10T15:38:15.584+02:00  INFO 23328 --- [           main] c.e.v.service.VelocityService            : Processed: customerId=18, loadId=20510, amount=526.05, accepted=true
2026-06-10T15:38:15.588+02:00  INFO 23328 --- [           main] c.e.v.service.VelocityService            : Processed: customerId=103, loadId=28266, amount=898.28, accepted=true
2026-06-10T15:38:15.592+02:00  INFO 23328 --- [           main] c.e.v.service.VelocityService            : Processed: customerId=188, loadId=3202, amount=4347.83, accepted=true
2026-06-10T15:38:15.595+02:00  INFO 23328 --- [           main] c.e.v.service.VelocityService            : Processed: customerId=783, loadId=31563, amount=143.76, accepted=true
2026-06-10T15:38:15.598+02:00  INFO 23328 --- [           main] c.e.v.service.VelocityService            : Processed: customerId=35, loadId=9718, amount=2254.47, accepted=true
2026-06-10T15:38:15.602+02:00  INFO 23328 --- [           main] c.e.v.service.VelocityService            : Processed: customerId=749, loadId=5577, amount=5074.63, accepted=false
2026-06-10T15:38:15.606+02:00  INFO 23328 --- [           main] c.e.v.service.VelocityService            : Processed: customerId=783, loadId=10420, amount=1186.23, accepted=true
2026-06-10T15:38:15.609+02:00  INFO 23328 --- [           main] c.e.v.service.VelocityService            : Processed: customerId=52, loadId=27137, amount=5431.33, accepted=false
2026-06-10T15:38:15.613+02:00  INFO 23328 --- [           main] c.e.v.service.VelocityService            : Processed: customerId=698, loadId=22059, amount=530.33, accepted=true
2026-06-10T15:38:15.616+02:00  INFO 23328 --- [           main] c.e.v.service.VelocityService            : Processed: customerId=732, loadId=5891, amount=3020.02, accepted=true
2026-06-10T15:38:15.620+02:00  INFO 23328 --- [           main] c.e.v.service.VelocityService            : Processed: customerId=477, loadId=21336, amount=3725.46, accepted=true
2026-06-10T15:38:15.623+02:00  INFO 23328 --- [           main] c.e.v.service.VelocityService            : Processed: customerId=120, loadId=27940, amount=5065.03, accepted=false
2026-06-10T15:38:15.626+02:00  INFO 23328 --- [           main] c.e.v.service.VelocityService            : Processed: customerId=35, loadId=7843, amount=5522.05, accepted=false
2026-06-10T15:38:15.629+02:00  INFO 23328 --- [           main] c.e.v.service.VelocityService            : Processed: customerId=817, loadId=15425, amount=1813.51, accepted=true
2026-06-10T15:38:15.632+02:00  INFO 23328 --- [           main] c.e.v.service.VelocityService            : Processed: customerId=256, loadId=21757, amount=5036.87, accepted=false
2026-06-10T15:38:15.636+02:00  INFO 23328 --- [           main] c.e.v.service.VelocityService            : Processed: customerId=171, loadId=15410, amount=2952.85, accepted=true
2026-06-10T15:38:15.639+02:00  INFO 23328 --- [           main] c.e.v.service.VelocityService            : Processed: customerId=681, loadId=11632, amount=4330.98, accepted=true
2026-06-10T15:38:15.642+02:00  INFO 23328 --- [           main] c.e.v.service.VelocityService            : Processed: customerId=52, loadId=6591, amount=4885.82, accepted=true
2026-06-10T15:38:15.646+02:00  INFO 23328 --- [           main] c.e.v.service.VelocityService            : Processed: customerId=579, loadId=23297, amount=592.67, accepted=true
2026-06-10T15:38:15.650+02:00  INFO 23328 --- [           main] c.e.v.service.VelocityService            : Processed: customerId=630, loadId=29271, amount=3158.94, accepted=true
2026-06-10T15:38:15.655+02:00  INFO 23328 --- [           main] c.e.v.service.VelocityService            : Processed: customerId=443, loadId=13802, amount=39.81, accepted=true
2026-06-10T15:38:15.658+02:00  INFO 23328 --- [           main] c.e.v.service.VelocityService            : Processed: customerId=494, loadId=20066, amount=212.70, accepted=true
2026-06-10T15:38:15.663+02:00  INFO 23328 --- [           main] c.e.v.service.VelocityService            : Processed: customerId=732, loadId=27086, amount=498.19, accepted=true
2026-06-10T15:38:15.667+02:00  INFO 23328 --- [           main] c.e.v.service.VelocityService            : Processed: customerId=528, loadId=22052, amount=3171.75, accepted=true
2026-06-10T15:38:15.671+02:00  INFO 23328 --- [           main] c.e.v.service.VelocityService            : Processed: customerId=596, loadId=13710, amount=513.87, accepted=true
2026-06-10T15:38:15.674+02:00  INFO 23328 --- [           main] c.e.v.service.VelocityService            : Processed: customerId=834, loadId=25528, amount=1928.18, accepted=true
2026-06-10T15:38:15.677+02:00  INFO 23328 --- [           main] c.e.v.service.VelocityService            : Processed: customerId=579, loadId=29903, amount=4512.24, accepted=false
2026-06-10T15:38:15.681+02:00  INFO 23328 --- [           main] c.e.v.service.VelocityService            : Processed: customerId=800, loadId=21612, amount=3215.32, accepted=true
2026-06-10T15:38:15.685+02:00  INFO 23328 --- [           main] c.e.v.service.VelocityService            : Processed: customerId=273, loadId=5839, amount=2905.40, accepted=true
2026-06-10T15:38:15.689+02:00  INFO 23328 --- [           main] c.e.v.service.VelocityService            : Processed: customerId=613, loadId=3051, amount=3580.76, accepted=true
2026-06-10T15:38:15.692+02:00  INFO 23328 --- [           main] c.e.v.service.VelocityService            : Processed: customerId=681, loadId=1351, amount=3188.44, accepted=true
2026-06-10T15:38:15.695+02:00  INFO 23328 --- [           main] c.e.v.service.VelocityService            : Processed: customerId=239, loadId=24305, amount=1991.83, accepted=true
2026-06-10T15:38:15.699+02:00  INFO 23328 --- [           main] c.e.v.service.VelocityService            : Processed: customerId=18, loadId=20090, amount=4616.02, accepted=true
2026-06-10T15:38:15.702+02:00  INFO 23328 --- [           main] c.e.v.service.VelocityService            : Processed: customerId=137, loadId=27767, amount=5432.31, accepted=false
2026-06-10T15:38:15.705+02:00  INFO 23328 --- [           main] c.e.v.service.VelocityService            : Processed: customerId=477, loadId=4154, amount=5678.22, accepted=false
2026-06-10T15:38:15.708+02:00  INFO 23328 --- [           main] c.e.v.service.VelocityService            : Processed: customerId=392, loadId=1342, amount=1042.08, accepted=true
2026-06-10T15:38:15.711+02:00  INFO 23328 --- [           main] c.e.v.service.VelocityService            : Processed: customerId=732, loadId=27968, amount=4011.66, accepted=true
2026-06-10T15:38:15.714+02:00  INFO 23328 --- [           main] c.e.v.service.VelocityService            : Processed: customerId=171, loadId=6535, amount=1904.40, accepted=true
2026-06-10T15:38:15.717+02:00  INFO 23328 --- [           main] c.e.v.service.VelocityService            : Processed: customerId=69, loadId=25162, amount=1546.57, accepted=true
2026-06-10T15:38:15.720+02:00  INFO 23328 --- [           main] c.e.v.service.VelocityService            : Processed: customerId=256, loadId=21371, amount=3830.39, accepted=true
2026-06-10T15:38:15.723+02:00  INFO 23328 --- [           main] c.e.v.service.VelocityService            : Processed: customerId=511, loadId=1513, amount=5197.00, accepted=false
2026-06-10T15:38:15.726+02:00  INFO 23328 --- [           main] c.e.v.service.VelocityService            : Processed: customerId=154, loadId=12720, amount=2407.83, accepted=true
2026-06-10T15:38:15.729+02:00  INFO 23328 --- [           main] c.e.v.service.VelocityService            : Processed: customerId=341, loadId=16984, amount=4682.47, accepted=true
2026-06-10T15:38:15.732+02:00  INFO 23328 --- [           main] c.e.v.service.VelocityService            : Processed: customerId=171, loadId=16565, amount=4941.62, accepted=false
2026-06-10T15:38:15.735+02:00  INFO 23328 --- [           main] c.e.v.service.VelocityService            : Processed: customerId=494, loadId=23920, amount=1620.48, accepted=true
2026-06-10T15:38:15.738+02:00  INFO 23328 --- [           main] c.e.v.service.VelocityService            : Processed: customerId=103, loadId=11695, amount=786.66, accepted=true
2026-06-10T15:38:15.741+02:00  INFO 23328 --- [           main] c.e.v.service.VelocityService            : Processed: customerId=1, loadId=11456, amount=2566.29, accepted=true
2026-06-10T15:38:15.744+02:00  INFO 23328 --- [           main] c.e.v.service.VelocityService            : Processed: customerId=715, loadId=30831, amount=5975.77, accepted=false
2026-06-10T15:38:15.747+02:00  INFO 23328 --- [           main] c.e.v.service.VelocityService            : Processed: customerId=613, loadId=25320, amount=3953.99, accepted=false
2026-06-10T15:38:15.750+02:00  INFO 23328 --- [           main] c.e.v.service.VelocityService            : Processed: customerId=205, loadId=3447, amount=5902.92, accepted=false
2026-06-10T15:38:15.753+02:00  INFO 23328 --- [           main] c.e.v.service.VelocityService            : Processed: customerId=647, loadId=4611, amount=1691.03, accepted=true
2026-06-10T15:38:15.757+02:00  INFO 23328 --- [           main] c.e.v.service.VelocityService            : Processed: customerId=647, loadId=2318, amount=1237.56, accepted=true
2026-06-10T15:38:15.760+02:00  INFO 23328 --- [           main] c.e.v.service.VelocityService            : Processed: customerId=324, loadId=5807, amount=1261.57, accepted=true
2026-06-10T15:38:15.763+02:00  INFO 23328 --- [           main] c.e.v.service.VelocityService            : Processed: customerId=35, loadId=30675, amount=2221.81, accepted=true
2026-06-10T15:38:15.766+02:00  INFO 23328 --- [           main] c.e.v.service.VelocityService            : Processed: customerId=52, loadId=10795, amount=4104.17, accepted=true
2026-06-10T15:38:15.771+02:00  INFO 23328 --- [           main] c.e.v.service.VelocityService            : Processed: customerId=732, loadId=30470, amount=1789.96, accepted=true
2026-06-10T15:38:15.774+02:00  INFO 23328 --- [           main] c.e.v.service.VelocityService            : Processed: customerId=613, loadId=26632, amount=5825.20, accepted=false
2026-06-10T15:38:15.779+02:00  INFO 23328 --- [           main] c.e.v.service.VelocityService            : Processed: customerId=171, loadId=5922, amount=2470.29, accepted=true
2026-06-10T15:38:15.782+02:00  INFO 23328 --- [           main] c.e.v.service.VelocityService            : Processed: customerId=188, loadId=6060, amount=524.20, accepted=true
2026-06-10T15:38:15.786+02:00  INFO 23328 --- [           main] c.e.v.service.VelocityService            : Processed: customerId=494, loadId=24954, amount=3314.64, accepted=true
2026-06-10T15:38:15.789+02:00  INFO 23328 --- [           main] c.e.v.service.VelocityService            : Processed: customerId=171, loadId=5551, amount=3411.81, accepted=false
2026-06-10T15:38:15.792+02:00  INFO 23328 --- [           main] c.e.v.service.VelocityService            : Processed: customerId=120, loadId=23516, amount=3506.00, accepted=true
2026-06-10T15:38:15.795+02:00  INFO 23328 --- [           main] c.e.v.service.VelocityService            : Processed: customerId=664, loadId=4637, amount=415.33, accepted=true
2026-06-10T15:38:15.798+02:00  INFO 23328 --- [           main] c.e.v.service.VelocityService            : Processed: customerId=188, loadId=4804, amount=5766.85, accepted=false
2026-06-10T15:38:15.801+02:00  INFO 23328 --- [           main] c.e.v.service.VelocityService            : Processed: customerId=154, loadId=15215, amount=5317.19, accepted=false
2026-06-10T15:38:15.805+02:00  INFO 23328 --- [           main] c.e.v.service.VelocityService            : Processed: customerId=239, loadId=11040, amount=4386.62, accepted=true
2026-06-10T15:38:15.808+02:00  INFO 23328 --- [           main] c.e.v.service.VelocityService            : Processed: customerId=681, loadId=8000, amount=2192.84, accepted=true
2026-06-10T15:38:15.812+02:00  INFO 23328 --- [           main] c.e.v.service.VelocityService            : Processed: customerId=392, loadId=14235, amount=1964.43, accepted=true
2026-06-10T15:38:15.815+02:00  INFO 23328 --- [           main] c.e.v.service.VelocityService            : Processed: customerId=358, loadId=24390, amount=4605.74, accepted=true
2026-06-10T15:38:15.818+02:00  INFO 23328 --- [           main] c.e.v.service.VelocityService            : Processed: customerId=324, loadId=4070, amount=5863.36, accepted=false
2026-06-10T15:38:15.821+02:00  INFO 23328 --- [           main] c.e.v.service.VelocityService            : Processed: customerId=647, loadId=5472, amount=2015.44, accepted=true
2026-06-10T15:38:15.824+02:00  INFO 23328 --- [           main] c.e.v.service.VelocityService            : Processed: customerId=766, loadId=16174, amount=4112.37, accepted=true
2026-06-10T15:38:15.828+02:00  INFO 23328 --- [           main] c.e.v.service.VelocityService            : Processed: customerId=409, loadId=25293, amount=216.06, accepted=true
2026-06-10T15:38:15.831+02:00  INFO 23328 --- [           main] c.e.v.service.VelocityService            : Processed: customerId=817, loadId=29352, amount=4274.20, accepted=true
2026-06-10T15:38:15.834+02:00  INFO 23328 --- [           main] c.e.v.service.VelocityService            : Processed: customerId=375, loadId=6371, amount=2361.17, accepted=true
2026-06-10T15:38:15.837+02:00  INFO 23328 --- [           main] c.e.v.service.VelocityService            : Processed: customerId=18, loadId=15265, amount=1986.82, accepted=true
2026-06-10T15:38:15.840+02:00  INFO 23328 --- [           main] c.e.v.service.VelocityService            : Processed: customerId=494, loadId=8592, amount=701.29, accepted=true
2026-06-10T15:38:15.843+02:00  INFO 23328 --- [           main] c.e.v.service.VelocityService            : Processed: customerId=528, loadId=16721, amount=608.55, accepted=true
2026-06-10T15:38:15.846+02:00  INFO 23328 --- [           main] c.e.v.service.VelocityService            : Processed: customerId=188, loadId=5343, amount=2310.53, accepted=true
2026-06-10T15:38:15.849+02:00  INFO 23328 --- [           main] c.e.v.service.VelocityService            : Processed: customerId=273, loadId=7859, amount=5998.67, accepted=false
2026-06-10T15:38:15.852+02:00  INFO 23328 --- [           main] c.e.v.service.VelocityService            : Processed: customerId=137, loadId=1008, amount=4755.28, accepted=true
2026-06-10T15:38:15.855+02:00  INFO 23328 --- [           main] c.e.v.service.VelocityService            : Processed: customerId=52, loadId=12774, amount=1582.84, accepted=true
2026-06-10T15:38:15.859+02:00  INFO 23328 --- [           main] c.e.v.service.VelocityService            : Processed: customerId=426, loadId=11874, amount=2101.06, accepted=true
2026-06-10T15:38:15.862+02:00  INFO 23328 --- [           main] c.e.v.service.VelocityService            : Processed: customerId=630, loadId=12286, amount=1544.67, accepted=true
2026-06-10T15:38:15.866+02:00  INFO 23328 --- [           main] c.e.v.service.VelocityService            : Processed: customerId=239, loadId=14658, amount=4402.59, accepted=true
2026-06-10T15:38:15.869+02:00  INFO 23328 --- [           main] c.e.v.service.VelocityService            : Processed: customerId=783, loadId=3723, amount=4467.24, accepted=true
2026-06-10T15:38:15.872+02:00  INFO 23328 --- [           main] c.e.v.service.VelocityService            : Processed: customerId=630, loadId=23657, amount=5633.74, accepted=false
2026-06-10T15:38:15.876+02:00  INFO 23328 --- [           main] c.e.v.service.VelocityService            : Processed: customerId=664, loadId=20531, amount=3181.46, accepted=true
2026-06-10T15:38:15.880+02:00  INFO 23328 --- [           main] c.e.v.service.VelocityService            : Processed: customerId=562, loadId=6928, amount=5255.16, accepted=false
2026-06-10T15:38:15.884+02:00  INFO 23328 --- [           main] c.e.v.service.VelocityService            : Processed: customerId=443, loadId=1477, amount=774.12, accepted=true
2026-06-10T15:38:15.887+02:00  INFO 23328 --- [           main] c.e.v.service.VelocityService            : Processed: customerId=613, loadId=6051, amount=5191.05, accepted=false
2026-06-10T15:38:15.890+02:00  INFO 23328 --- [           main] c.e.v.service.VelocityService            : Processed: customerId=205, loadId=8789, amount=4346.98, accepted=true
2026-06-10T15:38:15.893+02:00  INFO 23328 --- [           main] c.e.v.service.VelocityService            : Processed: customerId=630, loadId=17430, amount=4024.09, accepted=false
2026-06-10T15:38:15.897+02:00  INFO 23328 --- [           main] c.e.v.service.VelocityService            : Processed: customerId=477, loadId=29159, amount=2468.61, accepted=true
2026-06-10T15:38:15.900+02:00  INFO 23328 --- [           main] c.e.v.service.VelocityService            : Processed: customerId=35, loadId=29418, amount=4383.45, accepted=true
2026-06-10T15:38:15.903+02:00  INFO 23328 --- [           main] c.e.v.service.VelocityService            : Processed: customerId=358, loadId=15653, amount=3382.40, accepted=true
2026-06-10T15:38:15.907+02:00  INFO 23328 --- [           main] c.e.v.service.VelocityService            : Processed: customerId=341, loadId=11081, amount=2944.05, accepted=true
2026-06-10T15:38:15.910+02:00  INFO 23328 --- [           main] c.e.v.service.VelocityService            : Processed: customerId=443, loadId=1509, amount=2214.66, accepted=true
2026-06-10T15:38:15.913+02:00  INFO 23328 --- [           main] c.e.v.service.VelocityService            : Processed: customerId=103, loadId=3695, amount=305.80, accepted=true
2026-06-10T15:38:15.917+02:00  INFO 23328 --- [           main] c.e.v.service.VelocityService            : Processed: customerId=579, loadId=24477, amount=1342.67, accepted=true
2026-06-10T15:38:15.920+02:00  INFO 23328 --- [           main] c.e.v.service.VelocityService            : Processed: customerId=477, loadId=22175, amount=1449.93, accepted=true
2026-06-10T15:38:15.924+02:00  INFO 23328 --- [           main] c.e.v.service.VelocityService            : Processed: customerId=511, loadId=31808, amount=3926.31, accepted=true
2026-06-10T15:38:15.927+02:00  INFO 23328 --- [           main] c.e.v.service.VelocityService            : Processed: customerId=256, loadId=558, amount=5728.84, accepted=false
2026-06-10T15:38:15.931+02:00  INFO 23328 --- [           main] c.e.v.service.VelocityService            : Processed: customerId=715, loadId=29023, amount=631.62, accepted=true
2026-06-10T15:38:15.934+02:00  INFO 23328 --- [           main] c.e.v.service.VelocityService            : Processed: customerId=392, loadId=28972, amount=2792.53, accepted=true
2026-06-10T15:38:15.937+02:00  INFO 23328 --- [           main] c.e.v.service.VelocityService            : Processed: customerId=137, loadId=13527, amount=3304.96, accepted=true
2026-06-10T15:38:15.941+02:00  INFO 23328 --- [           main] c.e.v.service.VelocityService            : Processed: customerId=817, loadId=25513, amount=2197.31, accepted=true
2026-06-10T15:38:15.946+02:00  INFO 23328 --- [           main] c.e.v.service.VelocityService            : Processed: customerId=409, loadId=31306, amount=5237.40, accepted=false
2026-06-10T15:38:15.949+02:00  INFO 23328 --- [           main] c.e.v.service.VelocityService            : Processed: customerId=528, loadId=16332, amount=3826.77, accepted=true
2026-06-10T15:38:15.952+02:00  INFO 23328 --- [           main] c.e.v.service.VelocityService            : Processed: customerId=35, loadId=31654, amount=134.83, accepted=true
2026-06-10T15:38:15.954+02:00  INFO 23328 --- [           main] c.e.v.service.VelocityService            : Processed: customerId=511, loadId=28686, amount=3641.87, accepted=false
2026-06-10T15:38:15.957+02:00  INFO 23328 --- [           main] c.e.v.service.VelocityService            : Processed: customerId=205, loadId=12604, amount=3334.21, accepted=true
2026-06-10T15:38:15.962+02:00  INFO 23328 --- [           main] c.e.v.service.VelocityService            : Processed: customerId=732, loadId=12398, amount=689.56, accepted=true
2026-06-10T15:38:15.965+02:00  INFO 23328 --- [           main] c.e.v.service.VelocityService            : Processed: customerId=256, loadId=20922, amount=3300.45, accepted=true
2026-06-10T15:38:15.969+02:00  INFO 23328 --- [           main] c.e.v.service.VelocityService            : Processed: customerId=749, loadId=806, amount=3489.99, accepted=true
2026-06-10T15:38:15.973+02:00  INFO 23328 --- [           main] c.e.v.service.VelocityService            : Processed: customerId=409, loadId=31420, amount=1820.44, accepted=true
2026-06-10T15:38:15.978+02:00  INFO 23328 --- [           main] c.e.v.service.VelocityService            : Processed: customerId=154, loadId=4007, amount=4471.24, accepted=true
2026-06-10T15:38:15.981+02:00  INFO 23328 --- [           main] c.e.v.service.VelocityService            : Processed: customerId=120, loadId=24853, amount=1677.74, accepted=true
2026-06-10T15:38:15.985+02:00  INFO 23328 --- [           main] c.e.v.service.VelocityService            : Processed: customerId=426, loadId=1740, amount=2280.89, accepted=true
2026-06-10T15:38:15.988+02:00  INFO 23328 --- [           main] c.e.v.service.VelocityService            : Processed: customerId=239, loadId=18545, amount=1383.39, accepted=true
2026-06-10T15:38:15.991+02:00  INFO 23328 --- [           main] c.e.v.service.VelocityService            : Processed: customerId=528, loadId=27131, amount=4870.51, accepted=false
2026-06-10T15:38:15.994+02:00  INFO 23328 --- [           main] c.e.v.service.VelocityService            : Processed: customerId=596, loadId=21629, amount=4342.03, accepted=true
2026-06-10T15:38:15.996+02:00  INFO 23328 --- [           main] c.e.v.service.VelocityService            : Processed: customerId=766, loadId=5092, amount=2383.72, accepted=true
2026-06-10T15:38:15.999+02:00  INFO 23328 --- [           main] c.e.v.service.VelocityService            : Processed: customerId=426, loadId=12377, amount=3412.62, accepted=true
2026-06-10T15:38:16.002+02:00  INFO 23328 --- [           main] c.e.v.service.VelocityService            : Processed: customerId=392, loadId=27017, amount=1697.59, accepted=true
2026-06-10T15:38:16.005+02:00  INFO 23328 --- [           main] c.e.v.service.VelocityService            : Processed: customerId=120, loadId=27780, amount=1122.05, accepted=true
2026-06-10T15:38:16.008+02:00  INFO 23328 --- [           main] c.e.v.service.VelocityService            : Processed: customerId=103, loadId=22474, amount=2935.44, accepted=true
2026-06-10T15:38:16.011+02:00  INFO 23328 --- [           main] c.e.v.service.VelocityService            : Processed: customerId=392, loadId=10894, amount=5039.22, accepted=false
2026-06-10T15:38:16.014+02:00  INFO 23328 --- [           main] c.e.v.service.VelocityService            : Processed: customerId=562, loadId=3574, amount=3786.10, accepted=true
2026-06-10T15:38:16.016+02:00  INFO 23328 --- [           main] c.e.v.service.VelocityService            : Processed: customerId=511, loadId=5395, amount=5499.14, accepted=false
2026-06-10T15:38:16.019+02:00  INFO 23328 --- [           main] c.e.v.service.VelocityService            : Processed: customerId=392, loadId=7650, amount=5009.09, accepted=false
2026-06-10T15:38:16.021+02:00  INFO 23328 --- [           main] c.e.v.service.VelocityService            : Processed: customerId=460, loadId=17645, amount=4406.71, accepted=true
2026-06-10T15:38:16.024+02:00  INFO 23328 --- [           main] c.e.v.service.VelocityService            : Processed: customerId=137, loadId=198, amount=4727.34, accepted=true
2026-06-10T15:38:16.027+02:00  INFO 23328 --- [           main] c.e.v.service.VelocityService            : Processed: customerId=494, loadId=31354, amount=3947.21, accepted=true
2026-06-10T15:38:16.029+02:00  INFO 23328 --- [           main] c.e.v.service.VelocityService            : Processed: customerId=630, loadId=21326, amount=4100.10, accepted=true
2026-06-10T15:38:16.032+02:00  INFO 23328 --- [           main] c.e.v.service.VelocityService            : Processed: customerId=358, loadId=23267, amount=1893.01, accepted=true
2026-06-10T15:38:16.036+02:00  INFO 23328 --- [           main] c.e.v.service.VelocityService            : Processed: customerId=834, loadId=19488, amount=4839.20, accepted=true
2026-06-10T15:38:16.038+02:00  INFO 23328 --- [           main] c.e.v.service.VelocityService            : Processed: customerId=409, loadId=16401, amount=2781.40, accepted=true
2026-06-10T15:38:16.041+02:00  INFO 23328 --- [           main] c.e.v.service.VelocityService            : Processed: customerId=392, loadId=21596, amount=5194.66, accepted=false
2026-06-10T15:38:16.044+02:00  INFO 23328 --- [           main] c.e.v.service.VelocityService            : Processed: customerId=426, loadId=12110, amount=2868.72, accepted=false
2026-06-10T15:38:16.047+02:00  INFO 23328 --- [           main] c.e.v.service.VelocityService            : Processed: customerId=222, loadId=23214, amount=1899.59, accepted=true
2026-06-10T15:38:16.050+02:00  INFO 23328 --- [           main] c.e.v.service.VelocityService            : Processed: customerId=426, loadId=29446, amount=99.21, accepted=true
2026-06-10T15:38:16.052+02:00  INFO 23328 --- [           main] c.e.v.service.VelocityService            : Processed: customerId=749, loadId=13063, amount=314.36, accepted=true
2026-06-10T15:38:16.055+02:00  INFO 23328 --- [           main] c.e.v.service.VelocityService            : Processed: customerId=630, loadId=13488, amount=3582.23, accepted=false
2026-06-10T15:38:16.058+02:00  INFO 23328 --- [           main] c.e.v.service.VelocityService            : Processed: customerId=426, loadId=3026, amount=4692.19, accepted=false
2026-06-10T15:38:16.061+02:00  INFO 23328 --- [           main] c.e.v.service.VelocityService            : Processed: customerId=1, loadId=11114, amount=2887.30, accepted=true
2026-06-10T15:38:16.064+02:00  INFO 23328 --- [           main] c.e.v.service.VelocityService            : Processed: customerId=443, loadId=23300, amount=5580.51, accepted=false
2026-06-10T15:38:16.067+02:00  INFO 23328 --- [           main] c.e.v.service.VelocityService            : Processed: customerId=579, loadId=10619, amount=4856.66, accepted=true
2026-06-10T15:38:16.070+02:00  INFO 23328 --- [           main] c.e.v.service.VelocityService            : Processed: customerId=222, loadId=1045, amount=3005.41, accepted=true
2026-06-10T15:38:16.073+02:00  INFO 23328 --- [           main] c.e.v.service.VelocityService            : Processed: customerId=715, loadId=4239, amount=3376.94, accepted=true
2026-06-10T15:38:16.077+02:00  INFO 23328 --- [           main] c.e.v.service.VelocityService            : Processed: customerId=358, loadId=18574, amount=407.01, accepted=true
2026-06-10T15:38:16.080+02:00  INFO 23328 --- [           main] c.e.v.service.VelocityService            : Processed: customerId=1, loadId=7485, amount=1920.88, accepted=true
2026-06-10T15:38:16.084+02:00  INFO 23328 --- [           main] c.e.v.service.VelocityService            : Processed: customerId=239, loadId=12560, amount=962.16, accepted=true
2026-06-10T15:38:16.088+02:00  INFO 23328 --- [           main] c.e.v.service.VelocityService            : Processed: customerId=324, loadId=23582, amount=3563.16, accepted=true
2026-06-10T15:38:16.090+02:00  INFO 23328 --- [           main] c.e.v.service.VelocityService            : Processed: customerId=222, loadId=18516, amount=2833.22, accepted=false
2026-06-10T15:38:16.093+02:00  INFO 23328 --- [           main] c.e.v.service.VelocityService            : Processed: customerId=18, loadId=13555, amount=3192.77, accepted=true
2026-06-10T15:38:16.096+02:00  INFO 23328 --- [           main] c.e.v.service.VelocityService            : Processed: customerId=222, loadId=8217, amount=4107.58, accepted=false
2026-06-10T15:38:16.098+02:00  INFO 23328 --- [           main] c.e.v.service.VelocityService            : Processed: customerId=545, loadId=25179, amount=5338.75, accepted=false
2026-06-10T15:38:16.101+02:00  INFO 23328 --- [           main] c.e.v.service.VelocityService            : Processed: customerId=562, loadId=29740, amount=4476.27, accepted=true
2026-06-10T15:38:16.104+02:00  INFO 23328 --- [           main] c.e.v.service.VelocityService            : Processed: customerId=579, loadId=7552, amount=5939.28, accepted=false
2026-06-10T15:38:16.107+02:00  INFO 23328 --- [           main] c.e.v.service.VelocityService            : Processed: customerId=630, loadId=4647, amount=3699.69, accepted=true
2026-06-10T15:38:16.109+02:00  INFO 23328 --- [           main] c.e.v.service.VelocityService            : Processed: customerId=205, loadId=18346, amount=2910.09, accepted=true
2026-06-10T15:38:16.112+02:00  INFO 23328 --- [           main] c.e.v.service.VelocityService            : Processed: customerId=69, loadId=3356, amount=5063.14, accepted=false
2026-06-10T15:38:16.115+02:00  INFO 23328 --- [           main] c.e.v.service.VelocityService            : Processed: customerId=664, loadId=17223, amount=1824.42, accepted=true
2026-06-10T15:38:16.118+02:00  INFO 23328 --- [           main] c.e.v.service.VelocityService            : Processed: customerId=239, loadId=13339, amount=717.30, accepted=true
2026-06-10T15:38:16.122+02:00  INFO 23328 --- [           main] c.e.v.service.VelocityService            : Processed: customerId=324, loadId=21953, amount=5033.60, accepted=false
2026-06-10T15:38:16.125+02:00  INFO 23328 --- [           main] c.e.v.service.VelocityService            : Processed: customerId=749, loadId=27985, amount=1457.21, accepted=true
2026-06-10T15:38:16.128+02:00  INFO 23328 --- [           main] c.e.v.service.VelocityService            : Processed: customerId=222, loadId=5401, amount=3073.28, accepted=false
2026-06-10T15:38:16.131+02:00  INFO 23328 --- [           main] c.e.v.service.VelocityService            : Processed: customerId=120, loadId=8184, amount=5762.62, accepted=false
2026-06-10T15:38:16.134+02:00  INFO 23328 --- [           main] c.e.v.service.VelocityService            : Processed: customerId=562, loadId=28721, amount=1513.50, accepted=true
2026-06-10T15:38:16.136+02:00  INFO 23328 --- [           main] c.e.v.service.VelocityService            : Processed: customerId=256, loadId=17540, amount=944.92, accepted=true
2026-06-10T15:38:16.139+02:00  INFO 23328 --- [           main] c.e.v.service.VelocityService            : Processed: customerId=715, loadId=6591, amount=1218.98, accepted=true
2026-06-10T15:38:16.142+02:00  INFO 23328 --- [           main] c.e.v.service.VelocityService            : Processed: customerId=18, loadId=23707, amount=5979.12, accepted=false
2026-06-10T15:38:16.144+02:00  INFO 23328 --- [           main] c.e.v.service.VelocityService            : Processed: customerId=766, loadId=16516, amount=4964.52, accepted=true
2026-06-10T15:38:16.147+02:00  INFO 23328 --- [           main] c.e.v.service.VelocityService            : Processed: customerId=562, loadId=7755, amount=4147.69, accepted=false
2026-06-10T15:38:16.150+02:00  INFO 23328 --- [           main] c.e.v.service.VelocityService            : Processed: customerId=681, loadId=11694, amount=4980.98, accepted=true
2026-06-10T15:38:16.152+02:00  INFO 23328 --- [           main] c.e.v.service.VelocityService            : Processed: customerId=681, loadId=29417, amount=3238.82, accepted=false
2026-06-10T15:38:16.155+02:00  INFO 23328 --- [           main] c.e.v.service.VelocityService            : Processed: customerId=239, loadId=2370, amount=971.82, accepted=true
2026-06-10T15:38:16.158+02:00  INFO 23328 --- [           main] c.e.v.service.VelocityService            : Processed: customerId=307, loadId=20476, amount=1515.26, accepted=true
2026-06-10T15:38:16.160+02:00  INFO 23328 --- [           main] c.e.v.service.VelocityService            : Processed: customerId=783, loadId=8825, amount=3657.68, accepted=true
2026-06-10T15:38:16.163+02:00  INFO 23328 --- [           main] c.e.v.service.VelocityService            : Processed: customerId=205, loadId=30243, amount=2272.51, accepted=true
2026-06-10T15:38:16.166+02:00  INFO 23328 --- [           main] c.e.v.service.VelocityService            : Processed: customerId=358, loadId=28713, amount=1437.09, accepted=true
2026-06-10T15:38:16.169+02:00  INFO 23328 --- [           main] c.e.v.service.VelocityService            : Processed: customerId=732, loadId=10870, amount=4789.37, accepted=true
2026-06-10T15:38:16.172+02:00  INFO 23328 --- [           main] c.e.v.service.VelocityService            : Processed: customerId=613, loadId=5841, amount=3044.90, accepted=true
2026-06-10T15:38:16.175+02:00  INFO 23328 --- [           main] c.e.v.service.VelocityService            : Processed: customerId=817, loadId=23585, amount=3694.01, accepted=true
2026-06-10T15:38:16.178+02:00  INFO 23328 --- [           main] c.e.v.service.VelocityService            : Processed: customerId=137, loadId=24718, amount=3653.92, accepted=true
2026-06-10T15:38:16.180+02:00  INFO 23328 --- [           main] c.e.v.service.VelocityService            : Processed: customerId=596, loadId=15815, amount=5096.81, accepted=false
2026-06-10T15:38:16.183+02:00  INFO 23328 --- [           main] c.e.v.service.VelocityService            : Processed: customerId=817, loadId=356, amount=3056.17, accepted=false
2026-06-10T15:38:16.187+02:00  INFO 23328 --- [           main] c.e.v.service.VelocityService            : Processed: customerId=409, loadId=25099, amount=3605.73, accepted=true
2026-06-10T15:38:16.189+02:00  INFO 23328 --- [           main] c.e.v.service.VelocityService            : Processed: customerId=18, loadId=25161, amount=2584.60, accepted=true
2026-06-10T15:38:16.192+02:00  INFO 23328 --- [           main] c.e.v.service.VelocityService            : Processed: customerId=715, loadId=10524, amount=3142.14, accepted=true
2026-06-10T15:38:16.195+02:00  INFO 23328 --- [           main] c.e.v.service.VelocityService            : Processed: customerId=307, loadId=7063, amount=1541.35, accepted=true
2026-06-10T15:38:16.198+02:00  INFO 23328 --- [           main] c.e.v.service.VelocityService            : Processed: customerId=817, loadId=31350, amount=5730.40, accepted=false
2026-06-10T15:38:16.200+02:00  INFO 23328 --- [           main] c.e.v.service.VelocityService            : Processed: customerId=35, loadId=3390, amount=2046.66, accepted=true
2026-06-10T15:38:16.203+02:00  INFO 23328 --- [           main] c.e.v.service.VelocityService            : Processed: customerId=834, loadId=26760, amount=4237.94, accepted=true
2026-06-10T15:38:16.205+02:00  INFO 23328 --- [           main] c.e.v.service.VelocityService            : Processed: customerId=171, loadId=28351, amount=3656.66, accepted=true
2026-06-10T15:38:16.207+02:00  INFO 23328 --- [           main] c.e.v.service.VelocityService            : Processed: customerId=18, loadId=2722, amount=2210.60, accepted=true
2026-06-10T15:38:16.210+02:00  INFO 23328 --- [           main] c.e.v.service.VelocityService            : Processed: customerId=579, loadId=30013, amount=4101.62, accepted=true
2026-06-10T15:38:16.213+02:00  INFO 23328 --- [           main] c.e.v.service.VelocityService            : Processed: customerId=817, loadId=15817, amount=4950.93, accepted=true
2026-06-10T15:38:16.216+02:00  INFO 23328 --- [           main] c.e.v.service.VelocityService            : Processed: customerId=681, loadId=12053, amount=3262.18, accepted=true
2026-06-10T15:38:16.218+02:00  INFO 23328 --- [           main] c.e.v.service.VelocityService            : Processed: customerId=18, loadId=29006, amount=5521.88, accepted=false
2026-06-10T15:38:16.220+02:00  INFO 23328 --- [           main] c.e.v.service.VelocityService            : Processed: customerId=358, loadId=13577, amount=5302.42, accepted=false
2026-06-10T15:38:16.222+02:00  INFO 23328 --- [           main] c.e.v.service.VelocityService            : Processed: customerId=290, loadId=25407, amount=3582.84, accepted=true
2026-06-10T15:38:16.225+02:00  INFO 23328 --- [           main] c.e.v.service.VelocityService            : Processed: customerId=1, loadId=16907, amount=4972.22, accepted=true
2026-06-10T15:38:16.227+02:00  INFO 23328 --- [           main] c.e.v.service.VelocityService            : Processed: customerId=766, loadId=28835, amount=5172.48, accepted=false
2026-06-10T15:38:16.229+02:00  INFO 23328 --- [           main] c.e.v.service.VelocityService            : Processed: customerId=511, loadId=24904, amount=4205.62, accepted=true
2026-06-10T15:38:16.231+02:00  INFO 23328 --- [           main] c.e.v.service.VelocityService            : Processed: customerId=35, loadId=4775, amount=281.14, accepted=true
2026-06-10T15:38:16.234+02:00  INFO 23328 --- [           main] c.e.v.service.VelocityService            : Processed: customerId=120, loadId=21453, amount=1087.01, accepted=true
2026-06-10T15:38:16.236+02:00  INFO 23328 --- [           main] c.e.v.service.VelocityService            : Processed: customerId=392, loadId=13201, amount=741.95, accepted=true
2026-06-10T15:38:16.238+02:00  INFO 23328 --- [           main] c.e.v.service.VelocityService            : Processed: customerId=1, loadId=31045, amount=5992.27, accepted=false
2026-06-10T15:38:16.241+02:00  INFO 23328 --- [           main] c.e.v.service.VelocityService            : Processed: customerId=834, loadId=6138, amount=83.99, accepted=true
2026-06-10T15:38:16.243+02:00  INFO 23328 --- [           main] c.e.v.service.VelocityService            : Processed: customerId=256, loadId=5775, amount=5409.43, accepted=false
2026-06-10T15:38:16.245+02:00  INFO 23328 --- [           main] c.e.v.service.VelocityService            : Processed: customerId=681, loadId=12860, amount=5435.39, accepted=false
2026-06-10T15:38:16.247+02:00  INFO 23328 --- [           main] c.e.v.service.VelocityService            : Processed: customerId=732, loadId=14551, amount=3463.12, accepted=true
2026-06-10T15:38:16.250+02:00  INFO 23328 --- [           main] c.e.v.service.VelocityService            : Processed: customerId=477, loadId=15281, amount=1411.06, accepted=true
2026-06-10T15:38:16.252+02:00  INFO 23328 --- [           main] c.e.v.service.VelocityService            : Processed: customerId=494, loadId=4615, amount=5371.85, accepted=false
2026-06-10T15:38:16.254+02:00  INFO 23328 --- [           main] c.e.v.service.VelocityService            : Processed: customerId=188, loadId=23648, amount=183.14, accepted=true
2026-06-10T15:38:16.256+02:00  INFO 23328 --- [           main] c.e.v.service.VelocityService            : Processed: customerId=732, loadId=836, amount=1969.55, accepted=true
2026-06-10T15:38:16.258+02:00  INFO 23328 --- [           main] c.e.v.service.VelocityService            : Processed: customerId=171, loadId=29836, amount=3839.06, accepted=true
2026-06-10T15:38:16.261+02:00  INFO 23328 --- [           main] c.e.v.service.VelocityService            : Processed: customerId=562, loadId=4128, amount=4972.01, accepted=true
2026-06-10T15:38:16.263+02:00  INFO 23328 --- [           main] c.e.v.service.VelocityService            : Processed: customerId=205, loadId=30779, amount=3775.63, accepted=true
2026-06-10T15:38:16.266+02:00  INFO 23328 --- [           main] c.e.v.service.VelocityService            : Processed: customerId=732, loadId=13787, amount=865.32, accepted=true
2026-06-10T15:38:16.269+02:00  INFO 23328 --- [           main] c.e.v.service.VelocityService            : Processed: customerId=392, loadId=7723, amount=4028.25, accepted=true
2026-06-10T15:38:16.272+02:00  INFO 23328 --- [           main] c.e.v.service.VelocityService            : Processed: customerId=681, loadId=28277, amount=2848.01, accepted=true
2026-06-10T15:38:16.274+02:00  INFO 23328 --- [           main] c.e.v.service.VelocityService            : Processed: customerId=18, loadId=5847, amount=1178.08, accepted=true
2026-06-10T15:38:16.276+02:00  INFO 23328 --- [           main] c.e.v.service.VelocityService            : Processed: customerId=120, loadId=28659, amount=5324.14, accepted=false
2026-06-10T15:38:16.278+02:00  INFO 23328 --- [           main] c.e.v.service.VelocityService            : Processed: customerId=783, loadId=16152, amount=1513.64, accepted=true
2026-06-10T15:38:16.281+02:00  INFO 23328 --- [           main] c.e.v.service.VelocityService            : Processed: customerId=647, loadId=1237, amount=2018.00, accepted=true
2026-06-10T15:38:16.283+02:00  INFO 23328 --- [           main] c.e.v.service.VelocityService            : Processed: customerId=715, loadId=25138, amount=5523.95, accepted=false
2026-06-10T15:38:16.286+02:00  INFO 23328 --- [           main] c.e.v.service.VelocityService            : Processed: customerId=800, loadId=30144, amount=4130.78, accepted=true
2026-06-10T15:38:16.289+02:00  INFO 23328 --- [           main] c.e.v.service.VelocityService            : Processed: customerId=137, loadId=3727, amount=810.63, accepted=true
2026-06-10T15:38:16.292+02:00  INFO 23328 --- [           main] c.e.v.service.VelocityService            : Processed: customerId=69, loadId=1352, amount=5370.11, accepted=false
2026-06-10T15:38:16.295+02:00  INFO 23328 --- [           main] c.e.v.service.VelocityService            : Processed: customerId=18, loadId=31438, amount=4672.72, accepted=false
2026-06-10T15:38:16.297+02:00  INFO 23328 --- [           main] c.e.v.service.VelocityService            : Processed: customerId=647, loadId=23780, amount=2237.41, accepted=true
2026-06-10T15:38:16.300+02:00  INFO 23328 --- [           main] c.e.v.service.VelocityService            : Processed: customerId=358, loadId=4641, amount=583.14, accepted=true
2026-06-10T15:38:16.303+02:00  INFO 23328 --- [           main] c.e.v.service.VelocityService            : Processed: customerId=460, loadId=3636, amount=3493.38, accepted=true
2026-06-10T15:38:16.306+02:00  INFO 23328 --- [           main] c.e.v.service.VelocityService            : Processed: customerId=579, loadId=29044, amount=5132.37, accepted=false
2026-06-10T15:38:16.309+02:00  INFO 23328 --- [           main] c.e.v.service.VelocityService            : Processed: customerId=817, loadId=24523, amount=3753.94, accepted=true
2026-06-10T15:38:16.311+02:00  INFO 23328 --- [           main] c.e.v.service.VelocityService            : Processed: customerId=766, loadId=10362, amount=176.35, accepted=true
2026-06-10T15:38:16.313+02:00  INFO 23328 --- [           main] c.e.v.service.VelocityService            : Processed: customerId=494, loadId=27107, amount=3114.28, accepted=true
2026-06-10T15:38:16.316+02:00  INFO 23328 --- [           main] c.e.v.service.VelocityService            : Processed: customerId=545, loadId=15495, amount=5308.56, accepted=false
2026-06-10T15:38:16.318+02:00  INFO 23328 --- [           main] c.e.v.service.VelocityService            : Processed: customerId=477, loadId=28989, amount=300.72, accepted=true
2026-06-10T15:38:16.320+02:00  INFO 23328 --- [           main] c.e.v.service.VelocityService            : Processed: customerId=698, loadId=30915, amount=816.02, accepted=true
2026-06-10T15:38:16.322+02:00  INFO 23328 --- [           main] c.e.v.service.VelocityService            : Processed: customerId=239, loadId=1920, amount=92.89, accepted=true
2026-06-10T15:38:16.325+02:00  INFO 23328 --- [           main] c.e.v.service.VelocityService            : Processed: customerId=52, loadId=14804, amount=693.00, accepted=true
2026-06-10T15:38:16.327+02:00  INFO 23328 --- [           main] c.e.v.service.VelocityService            : Processed: customerId=171, loadId=8879, amount=3238.87, accepted=true
2026-06-10T15:38:16.329+02:00  INFO 23328 --- [           main] c.e.v.service.VelocityService            : Processed: customerId=256, loadId=10385, amount=3271.98, accepted=true
2026-06-10T15:38:16.332+02:00  INFO 23328 --- [           main] c.e.v.service.VelocityService            : Processed: customerId=222, loadId=29325, amount=64.53, accepted=true
2026-06-10T15:38:16.334+02:00  INFO 23328 --- [           main] c.e.v.service.VelocityService            : Processed: customerId=18, loadId=25380, amount=3533.32, accepted=true
2026-06-10T15:38:16.336+02:00  INFO 23328 --- [           main] c.e.v.service.VelocityService            : Processed: customerId=205, loadId=26832, amount=1264.58, accepted=true
2026-06-10T15:38:16.339+02:00  INFO 23328 --- [           main] c.e.v.service.VelocityService            : Processed: customerId=239, loadId=19438, amount=2192.49, accepted=true
2026-06-10T15:38:16.341+02:00  INFO 23328 --- [           main] c.e.v.service.VelocityService            : Processed: customerId=647, loadId=27809, amount=4134.16, accepted=true
2026-06-10T15:38:16.343+02:00  INFO 23328 --- [           main] c.e.v.service.VelocityService            : Processed: customerId=103, loadId=26587, amount=5239.72, accepted=false
2026-06-10T15:38:16.345+02:00  INFO 23328 --- [           main] c.e.v.service.VelocityService            : Processed: customerId=137, loadId=1244, amount=4446.33, accepted=true
2026-06-10T15:38:16.347+02:00  INFO 23328 --- [           main] c.e.v.service.VelocityService            : Processed: customerId=783, loadId=7243, amount=2966.01, accepted=true
2026-06-10T15:38:16.350+02:00  INFO 23328 --- [           main] c.e.v.service.VelocityService            : Processed: customerId=392, loadId=4344, amount=304.05, accepted=true
2026-06-10T15:38:16.352+02:00  INFO 23328 --- [           main] c.e.v.service.VelocityService            : Processed: customerId=1, loadId=7806, amount=4421.55, accepted=true
2026-06-10T15:38:16.354+02:00  INFO 23328 --- [           main] c.e.v.service.VelocityService            : Processed: customerId=222, loadId=21378, amount=4241.91, accepted=true
2026-06-10T15:38:16.357+02:00  INFO 23328 --- [           main] c.e.v.service.VelocityService            : Processed: customerId=188, loadId=31140, amount=2663.12, accepted=true
2026-06-10T15:38:16.359+02:00  INFO 23328 --- [           main] c.e.v.service.VelocityService            : Processed: customerId=477, loadId=4444, amount=4665.36, accepted=true
2026-06-10T15:38:16.361+02:00  INFO 23328 --- [           main] c.e.v.service.VelocityService            : Processed: customerId=205, loadId=26383, amount=2214.11, accepted=true
2026-06-10T15:38:16.363+02:00  INFO 23328 --- [           main] c.e.v.service.VelocityService            : Processed: customerId=596, loadId=8971, amount=2037.99, accepted=true
2026-06-10T15:38:16.365+02:00  INFO 23328 --- [           main] c.e.v.service.VelocityService            : Processed: customerId=137, loadId=29004, amount=1478.01, accepted=true
2026-06-10T15:38:16.367+02:00  INFO 23328 --- [           main] c.e.v.service.VelocityService            : Processed: customerId=562, loadId=23816, amount=1937.81, accepted=true
2026-06-10T15:38:16.369+02:00  INFO 23328 --- [           main] c.e.v.service.VelocityService            : Processed: customerId=783, loadId=17556, amount=4610.89, accepted=true
2026-06-10T15:38:16.371+02:00  INFO 23328 --- [           main] c.e.v.service.VelocityService            : Processed: customerId=273, loadId=23317, amount=4675.74, accepted=true
2026-06-10T15:38:16.373+02:00  INFO 23328 --- [           main] c.e.v.service.VelocityService            : Processed: customerId=460, loadId=21203, amount=4856.66, accepted=true
2026-06-10T15:38:16.375+02:00  INFO 23328 --- [           main] c.e.v.service.VelocityService            : Processed: customerId=188, loadId=30784, amount=4549.23, accepted=true
2026-06-10T15:38:16.377+02:00  INFO 23328 --- [           main] c.e.v.service.VelocityService            : Processed: customerId=494, loadId=2111, amount=731.83, accepted=true
2026-06-10T15:38:16.379+02:00  INFO 23328 --- [           main] c.e.v.service.VelocityService            : Processed: customerId=69, loadId=17650, amount=1017.62, accepted=true
2026-06-10T15:38:16.381+02:00  INFO 23328 --- [           main] c.e.v.service.VelocityService            : Processed: customerId=698, loadId=17247, amount=1145.10, accepted=true
2026-06-10T15:38:16.383+02:00  INFO 23328 --- [           main] c.e.v.service.VelocityService            : Processed: customerId=630, loadId=13464, amount=4116.73, accepted=true
2026-06-10T15:38:16.384+02:00  INFO 23328 --- [           main] c.e.v.service.VelocityService            : Processed: customerId=120, loadId=8403, amount=1171.81, accepted=true
2026-06-10T15:38:16.386+02:00  INFO 23328 --- [           main] c.e.v.service.VelocityService            : Processed: customerId=647, loadId=11617, amount=5874.64, accepted=false
2026-06-10T15:38:16.388+02:00  INFO 23328 --- [           main] c.e.v.service.VelocityService            : Processed: customerId=443, loadId=19366, amount=781.35, accepted=true
2026-06-10T15:38:16.390+02:00  INFO 23328 --- [           main] c.e.v.service.VelocityService            : Processed: customerId=86, loadId=9585, amount=4591.05, accepted=true
2026-06-10T15:38:16.392+02:00  INFO 23328 --- [           main] c.e.v.service.VelocityService            : Processed: customerId=494, loadId=21341, amount=2357.63, accepted=true
2026-06-10T15:38:16.394+02:00  INFO 23328 --- [           main] c.e.v.service.VelocityService            : Processed: customerId=69, loadId=26319, amount=2049.47, accepted=true
2026-06-10T15:38:16.396+02:00  INFO 23328 --- [           main] c.e.v.service.VelocityService            : Processed: customerId=562, loadId=7836, amount=822.10, accepted=true
2026-06-10T15:38:16.398+02:00  INFO 23328 --- [           main] c.e.v.service.VelocityService            : Processed: customerId=52, loadId=5330, amount=56.47, accepted=true
2026-06-10T15:38:16.400+02:00  INFO 23328 --- [           main] c.e.v.service.VelocityService            : Processed: customerId=120, loadId=13672, amount=4238.04, accepted=false
2026-06-10T15:38:16.402+02:00  INFO 23328 --- [           main] c.e.v.service.VelocityService            : Processed: customerId=817, loadId=17691, amount=5904.25, accepted=false
2026-06-10T15:38:16.404+02:00  INFO 23328 --- [           main] c.e.v.service.VelocityService            : Processed: customerId=630, loadId=5472, amount=1311.43, accepted=false
2026-06-10T15:38:16.406+02:00  INFO 23328 --- [           main] c.e.v.service.VelocityService            : Processed: customerId=494, loadId=15004, amount=1698.14, accepted=true
2026-06-10T15:38:16.408+02:00  INFO 23328 --- [           main] c.e.v.service.VelocityService            : Processed: customerId=664, loadId=22118, amount=2128.92, accepted=true
2026-06-10T15:38:16.410+02:00  INFO 23328 --- [           main] c.e.v.service.VelocityService            : Processed: customerId=137, loadId=13650, amount=1160.80, accepted=true
2026-06-10T15:38:16.412+02:00  INFO 23328 --- [           main] c.e.v.service.VelocityService            : Processed: customerId=477, loadId=6817, amount=1403.25, accepted=true
2026-06-10T15:38:16.414+02:00  INFO 23328 --- [           main] c.e.v.service.VelocityService            : Processed: customerId=222, loadId=10269, amount=2371.35, accepted=true
2026-06-10T15:38:16.416+02:00  INFO 23328 --- [           main] c.e.v.service.VelocityService            : Processed: customerId=171, loadId=5952, amount=1181.71, accepted=true
2026-06-10T15:38:16.418+02:00  INFO 23328 --- [           main] c.e.v.service.VelocityService            : Processed: customerId=375, loadId=209, amount=4879.76, accepted=true
2026-06-10T15:38:16.420+02:00  INFO 23328 --- [           main] c.e.v.service.VelocityService            : Processed: customerId=630, loadId=13388, amount=2371.46, accepted=true
2026-06-10T15:38:16.422+02:00  INFO 23328 --- [           main] c.e.v.service.VelocityService            : Processed: customerId=307, loadId=21933, amount=5660.18, accepted=false
2026-06-10T15:38:16.424+02:00  INFO 23328 --- [           main] c.e.v.service.VelocityService            : Processed: customerId=562, loadId=6966, amount=5762.93, accepted=false
2026-06-10T15:38:16.426+02:00  INFO 23328 --- [           main] c.e.v.service.VelocityService            : Processed: customerId=409, loadId=11521, amount=3750.73, accepted=true
2026-06-10T15:38:16.428+02:00  INFO 23328 --- [           main] c.e.v.service.VelocityService            : Processed: customerId=817, loadId=146, amount=3830.04, accepted=true
2026-06-10T15:38:16.429+02:00  INFO 23328 --- [           main] c.e.v.service.VelocityService            : Processed: customerId=69, loadId=21963, amount=1827.60, accepted=true
2026-06-10T15:38:16.432+02:00  INFO 23328 --- [           main] c.e.v.service.VelocityService            : Processed: customerId=698, loadId=25859, amount=143.32, accepted=true
2026-06-10T15:38:16.434+02:00  INFO 23328 --- [           main] c.e.v.service.VelocityService            : Processed: customerId=800, loadId=16999, amount=4721.19, accepted=true
2026-06-10T15:38:16.436+02:00  INFO 23328 --- [           main] c.e.v.service.VelocityService            : Processed: customerId=834, loadId=13925, amount=5677.83, accepted=false
2026-06-10T15:38:16.438+02:00  INFO 23328 --- [           main] c.e.v.service.VelocityService            : Processed: customerId=477, loadId=20830, amount=3520.57, accepted=true
2026-06-10T15:38:16.441+02:00  INFO 23328 --- [           main] c.e.v.service.VelocityService            : Processed: customerId=290, loadId=19602, amount=669.22, accepted=true
2026-06-10T15:38:16.443+02:00  INFO 23328 --- [           main] c.e.v.service.VelocityService            : Processed: customerId=528, loadId=14972, amount=1732.28, accepted=true
2026-06-10T15:38:16.445+02:00  INFO 23328 --- [           main] c.e.v.service.VelocityService            : Processed: customerId=545, loadId=15605, amount=5631.18, accepted=false
2026-06-10T15:38:16.446+02:00  INFO 23328 --- [           main] c.e.v.service.VelocityService            : Processed: customerId=596, loadId=30593, amount=4473.48, accepted=true
2026-06-10T15:38:16.448+02:00  INFO 23328 --- [           main] c.e.v.service.VelocityService            : Processed: customerId=426, loadId=24816, amount=1548.71, accepted=true
2026-06-10T15:38:16.450+02:00  INFO 23328 --- [           main] c.e.v.service.VelocityService            : Processed: customerId=256, loadId=18076, amount=4064.81, accepted=true
2026-06-10T15:38:16.452+02:00  INFO 23328 --- [           main] c.e.v.service.VelocityService            : Processed: customerId=749, loadId=2641, amount=3305.09, accepted=true
2026-06-10T15:38:16.454+02:00  INFO 23328 --- [           main] c.e.v.service.VelocityService            : Processed: customerId=239, loadId=31158, amount=4238.42, accepted=true
2026-06-10T15:38:16.455+02:00  INFO 23328 --- [           main] c.e.v.service.VelocityService            : Processed: customerId=681, loadId=12237, amount=988.21, accepted=true
2026-06-10T15:38:16.457+02:00  INFO 23328 --- [           main] c.e.v.service.VelocityService            : Processed: customerId=749, loadId=20411, amount=2152.13, accepted=true
2026-06-10T15:38:16.459+02:00  INFO 23328 --- [           main] c.e.v.service.VelocityService            : Processed: customerId=409, loadId=9011, amount=2495.33, accepted=true
2026-06-10T15:38:16.461+02:00  INFO 23328 --- [           main] c.e.v.service.VelocityService            : Processed: customerId=715, loadId=20182, amount=2412.18, accepted=true
2026-06-10T15:38:16.463+02:00  INFO 23328 --- [           main] c.e.v.service.VelocityService            : Processed: customerId=443, loadId=18470, amount=4555.70, accepted=true
2026-06-10T15:38:16.465+02:00  INFO 23328 --- [           main] c.e.v.service.VelocityService            : Processed: customerId=205, loadId=21185, amount=4634.29, accepted=true
2026-06-10T15:38:16.467+02:00  INFO 23328 --- [           main] c.e.v.service.VelocityService            : Processed: customerId=222, loadId=10822, amount=3495.51, accepted=true
2026-06-10T15:38:16.469+02:00  INFO 23328 --- [           main] c.e.v.service.VelocityService            : Processed: customerId=120, loadId=8964, amount=5350.82, accepted=false
2026-06-10T15:38:16.471+02:00  INFO 23328 --- [           main] c.e.v.service.VelocityService            : Processed: customerId=35, loadId=9154, amount=1535.73, accepted=true
2026-06-10T15:38:16.473+02:00  INFO 23328 --- [           main] c.e.v.service.VelocityService            : Processed: customerId=800, loadId=20529, amount=1427.85, accepted=true
2026-06-10T15:38:16.475+02:00  INFO 23328 --- [           main] c.e.v.service.VelocityService            : Processed: customerId=579, loadId=5349, amount=2021.59, accepted=true
2026-06-10T15:38:16.477+02:00  INFO 23328 --- [           main] c.e.v.service.VelocityService            : Processed: customerId=290, loadId=22496, amount=5576.00, accepted=false
2026-06-10T15:38:16.479+02:00  INFO 23328 --- [           main] c.e.v.service.VelocityService            : Processed: customerId=375, loadId=12972, amount=1151.70, accepted=true
2026-06-10T15:38:16.480+02:00  INFO 23328 --- [           main] c.e.v.service.VelocityService            : Processed: customerId=817, loadId=7893, amount=3316.09, accepted=true
2026-06-10T15:38:16.482+02:00  INFO 23328 --- [           main] c.e.v.service.VelocityService            : Processed: customerId=766, loadId=16934, amount=201.42, accepted=true
2026-06-10T15:38:16.485+02:00  INFO 23328 --- [           main] c.e.v.service.VelocityService            : Processed: customerId=86, loadId=28775, amount=4692.54, accepted=true
2026-06-10T15:38:16.487+02:00  INFO 23328 --- [           main] c.e.v.service.VelocityService            : Processed: customerId=698, loadId=1827, amount=971.86, accepted=true
2026-06-10T15:38:16.489+02:00  INFO 23328 --- [           main] c.e.v.service.VelocityService            : Processed: customerId=766, loadId=31916, amount=2190.43, accepted=true
2026-06-10T15:38:16.492+02:00  INFO 23328 --- [           main] c.e.v.service.VelocityService            : Processed: customerId=715, loadId=18610, amount=1523.55, accepted=true
2026-06-10T15:38:16.494+02:00  INFO 23328 --- [           main] c.e.v.service.VelocityService            : Processed: customerId=732, loadId=25203, amount=5970.17, accepted=false
2026-06-10T15:38:16.496+02:00  INFO 23328 --- [           main] c.e.v.service.VelocityService            : Processed: customerId=69, loadId=23929, amount=342.20, accepted=true
2026-06-10T15:38:16.498+02:00  INFO 23328 --- [           main] c.e.v.service.VelocityService            : Processed: customerId=681, loadId=28437, amount=5048.82, accepted=false
2026-06-10T15:38:16.499+02:00  INFO 23328 --- [           main] c.e.v.service.VelocityService            : Processed: customerId=52, loadId=5140, amount=1390.03, accepted=true
2026-06-10T15:38:16.501+02:00  INFO 23328 --- [           main] c.e.v.service.VelocityService            : Processed: customerId=766, loadId=11526, amount=126.03, accepted=true
2026-06-10T15:38:16.503+02:00  INFO 23328 --- [           main] c.e.v.service.VelocityService            : Processed: customerId=715, loadId=13865, amount=4377.22, accepted=true
2026-06-10T15:38:16.505+02:00  INFO 23328 --- [           main] c.e.v.service.VelocityService            : Processed: customerId=35, loadId=2192, amount=1035.99, accepted=true
2026-06-10T15:38:16.507+02:00  INFO 23328 --- [           main] c.e.v.service.VelocityService            : Processed: customerId=647, loadId=23481, amount=3374.87, accepted=true
2026-06-10T15:38:16.509+02:00  INFO 23328 --- [           main] c.e.v.service.VelocityService            : Processed: customerId=647, loadId=25684, amount=4090.06, accepted=false
2026-06-10T15:38:16.511+02:00  INFO 23328 --- [           main] c.e.v.service.VelocityService            : Processed: customerId=579, loadId=28467, amount=3095.65, accepted=true
2026-06-10T15:38:16.512+02:00  INFO 23328 --- [           main] c.e.v.service.VelocityService            : Processed: customerId=426, loadId=28306, amount=3584.66, accepted=true
2026-06-10T15:38:16.514+02:00  INFO 23328 --- [           main] c.e.v.service.VelocityService            : Processed: customerId=273, loadId=24527, amount=3059.42, accepted=true
2026-06-10T15:38:16.516+02:00  INFO 23328 --- [           main] c.e.v.service.VelocityService            : Processed: customerId=358, loadId=28107, amount=3340.86, accepted=true
2026-06-10T15:38:16.518+02:00  INFO 23328 --- [           main] c.e.v.service.VelocityService            : Processed: customerId=86, loadId=20805, amount=4920.55, accepted=true
2026-06-10T15:38:16.520+02:00  INFO 23328 --- [           main] c.e.v.service.VelocityService            : Processed: customerId=511, loadId=17513, amount=4917.12, accepted=true
2026-06-10T15:38:16.522+02:00  INFO 23328 --- [           main] c.e.v.service.VelocityService            : Processed: customerId=171, loadId=16075, amount=3449.83, accepted=true
2026-06-10T15:38:16.524+02:00  INFO 23328 --- [           main] c.e.v.service.VelocityService            : Processed: customerId=273, loadId=10912, amount=4654.18, accepted=false
2026-06-10T15:38:16.527+02:00  INFO 23328 --- [           main] c.e.v.service.VelocityService            : Processed: customerId=494, loadId=7488, amount=2416.97, accepted=true
2026-06-10T15:38:16.529+02:00  INFO 23328 --- [           main] c.e.v.service.VelocityService            : Processed: customerId=545, loadId=10083, amount=3580.90, accepted=true
2026-06-10T15:38:16.531+02:00  INFO 23328 --- [           main] c.e.v.service.VelocityService            : Processed: customerId=800, loadId=24269, amount=1257.84, accepted=true
2026-06-10T15:38:16.533+02:00  INFO 23328 --- [           main] c.e.v.service.VelocityService            : Processed: customerId=358, loadId=17359, amount=5216.21, accepted=false
2026-06-10T15:38:16.535+02:00  INFO 23328 --- [           main] c.e.v.service.VelocityService            : Processed: customerId=749, loadId=4555, amount=2554.91, accepted=true
2026-06-10T15:38:16.538+02:00  INFO 23328 --- [           main] c.e.v.service.VelocityService            : Processed: customerId=222, loadId=20574, amount=2812.83, accepted=true
2026-06-10T15:38:16.539+02:00  INFO 23328 --- [           main] c.e.v.service.VelocityService            : Processed: customerId=800, loadId=17709, amount=5235.81, accepted=false
2026-06-10T15:38:16.541+02:00  INFO 23328 --- [           main] c.e.v.service.VelocityService            : Processed: customerId=86, loadId=20025, amount=4300.02, accepted=false
2026-06-10T15:38:16.543+02:00  INFO 23328 --- [           main] c.e.v.service.VelocityService            : Processed: customerId=528, loadId=16192, amount=3903.74, accepted=true
2026-06-10T15:38:16.545+02:00  INFO 23328 --- [           main] c.e.v.service.VelocityService            : Processed: customerId=171, loadId=21107, amount=3072.87, accepted=false
2026-06-10T15:38:16.547+02:00  INFO 23328 --- [           main] c.e.v.service.VelocityService            : Processed: customerId=358, loadId=18680, amount=2383.41, accepted=false
2026-06-10T15:38:16.549+02:00  INFO 23328 --- [           main] c.e.v.service.VelocityService            : Processed: customerId=256, loadId=7275, amount=4490.24, accepted=true
2026-06-10T15:38:16.550+02:00  INFO 23328 --- [           main] c.e.v.service.VelocityService            : Processed: customerId=562, loadId=14130, amount=4664.42, accepted=true
2026-06-10T15:38:16.552+02:00  INFO 23328 --- [           main] c.e.v.service.VelocityService            : Processed: customerId=35, loadId=13856, amount=3552.22, accepted=true
2026-06-10T15:38:16.554+02:00  INFO 23328 --- [           main] c.e.v.service.VelocityService            : Processed: customerId=664, loadId=3099, amount=4274.92, accepted=true
2026-06-10T15:38:16.556+02:00  INFO 23328 --- [           main] c.e.v.service.VelocityService            : Processed: customerId=630, loadId=12343, amount=503.62, accepted=true
2026-06-10T15:38:16.557+02:00  INFO 23328 --- [           main] c.e.v.service.VelocityService            : Processed: customerId=545, loadId=5335, amount=5518.54, accepted=false
2026-06-10T15:38:16.559+02:00  INFO 23328 --- [           main] c.e.v.service.VelocityService            : Processed: customerId=358, loadId=26134, amount=3860.62, accepted=true
2026-06-10T15:38:16.561+02:00  INFO 23328 --- [           main] c.e.v.service.VelocityService            : Processed: customerId=273, loadId=22501, amount=4926.73, accepted=true
2026-06-10T15:38:16.563+02:00  INFO 23328 --- [           main] c.e.v.service.VelocityService            : Processed: customerId=477, loadId=3115, amount=5398.80, accepted=false
2026-06-10T15:38:16.565+02:00  INFO 23328 --- [           main] c.e.v.service.VelocityService            : Processed: customerId=817, loadId=3722, amount=4468.20, accepted=true
2026-06-10T15:38:16.567+02:00  INFO 23328 --- [           main] c.e.v.service.VelocityService            : Processed: customerId=698, loadId=4956, amount=2553.59, accepted=true
2026-06-10T15:38:16.569+02:00  INFO 23328 --- [           main] c.e.v.service.VelocityService            : Processed: customerId=834, loadId=19702, amount=2244.44, accepted=true
2026-06-10T15:38:16.571+02:00  INFO 23328 --- [           main] c.e.v.service.VelocityService            : Processed: customerId=188, loadId=29312, amount=3057.16, accepted=true
2026-06-10T15:38:16.573+02:00  INFO 23328 --- [           main] c.e.v.service.VelocityService            : Processed: customerId=273, loadId=17214, amount=4809.32, accepted=false
2026-06-10T15:38:16.575+02:00  INFO 23328 --- [           main] c.e.v.service.VelocityService            : Processed: customerId=103, loadId=24401, amount=1079.64, accepted=true
2026-06-10T15:38:16.576+02:00  INFO 23328 --- [           main] c.e.v.service.VelocityService            : Processed: customerId=579, loadId=1440, amount=4218.31, accepted=true
2026-06-10T15:38:16.578+02:00  INFO 23328 --- [           main] c.e.v.service.VelocityService            : Processed: customerId=358, loadId=31955, amount=3085.26, accepted=false
2026-06-10T15:38:16.581+02:00  INFO 23328 --- [           main] c.e.v.service.VelocityService            : Processed: customerId=834, loadId=19006, amount=3759.66, accepted=false
2026-06-10T15:38:16.583+02:00  INFO 23328 --- [           main] c.e.v.service.VelocityService            : Processed: customerId=511, loadId=6166, amount=1340.87, accepted=true
2026-06-10T15:38:16.585+02:00  INFO 23328 --- [           main] c.e.v.service.VelocityService            : Processed: customerId=494, loadId=757, amount=3455.21, accepted=true
2026-06-10T15:38:16.587+02:00  INFO 23328 --- [           main] c.e.v.service.VelocityService            : Processed: customerId=18, loadId=5814, amount=4294.09, accepted=true
2026-06-10T15:38:16.589+02:00  INFO 23328 --- [           main] c.e.v.service.VelocityService            : Processed: customerId=171, loadId=10285, amount=4961.88, accepted=true
2026-06-10T15:38:16.591+02:00  INFO 23328 --- [           main] c.e.v.service.VelocityService            : Processed: customerId=800, loadId=7558, amount=3680.19, accepted=true
2026-06-10T15:38:16.593+02:00  INFO 23328 --- [           main] c.e.v.service.VelocityService            : Processed: customerId=205, loadId=20212, amount=3909.05, accepted=true
2026-06-10T15:38:16.595+02:00  INFO 23328 --- [           main] c.e.v.service.VelocityService            : Processed: customerId=715, loadId=5719, amount=405.41, accepted=true
2026-06-10T15:38:16.597+02:00  INFO 23328 --- [           main] c.e.v.service.VelocityService            : Processed: customerId=86, loadId=4830, amount=524.53, accepted=true
2026-06-10T15:38:16.598+02:00  INFO 23328 --- [           main] c.e.v.service.VelocityService            : Processed: customerId=273, loadId=9937, amount=1623.24, accepted=true
2026-06-10T15:38:16.600+02:00  INFO 23328 --- [           main] c.e.v.service.VelocityService            : Processed: customerId=630, loadId=25048, amount=4282.61, accepted=true
2026-06-10T15:38:16.602+02:00  INFO 23328 --- [           main] c.e.v.service.VelocityService            : Processed: customerId=613, loadId=7087, amount=3053.58, accepted=true
2026-06-10T15:38:16.604+02:00  INFO 23328 --- [           main] c.e.v.service.VelocityService            : Processed: customerId=579, loadId=18615, amount=4062.96, accepted=true
2026-06-10T15:38:16.605+02:00  INFO 23328 --- [           main] c.e.v.service.VelocityService            : Processed: customerId=613, loadId=11233, amount=528.46, accepted=true
2026-06-10T15:38:16.607+02:00  INFO 23328 --- [           main] c.e.v.service.VelocityService            : Processed: customerId=800, loadId=21114, amount=4026.97, accepted=true
2026-06-10T15:38:16.608+02:00  INFO 23328 --- [           main] c.e.v.service.VelocityService            : Processed: customerId=749, loadId=6918, amount=2114.03, accepted=true
2026-06-10T15:38:16.610+02:00  INFO 23328 --- [           main] c.e.v.service.VelocityService            : Processed: customerId=664, loadId=11734, amount=3279.35, accepted=true
2026-06-10T15:38:16.612+02:00  INFO 23328 --- [           main] c.e.v.service.VelocityService            : Processed: customerId=528, loadId=18774, amount=4764.91, accepted=true
2026-06-10T15:38:16.614+02:00  INFO 23328 --- [           main] c.e.v.service.VelocityService            : Processed: customerId=783, loadId=19904, amount=3531.56, accepted=true
2026-06-10T15:38:16.615+02:00  INFO 23328 --- [           main] c.e.v.service.VelocityService            : Processed: customerId=715, loadId=1006, amount=5000.84, accepted=false
2026-06-10T15:38:16.617+02:00  INFO 23328 --- [           main] c.e.v.service.VelocityService            : Processed: customerId=715, loadId=22417, amount=4797.53, accepted=false
2026-06-10T15:38:16.619+02:00  INFO 23328 --- [           main] c.e.v.service.VelocityService            : Processed: customerId=834, loadId=8075, amount=2181.81, accepted=true
2026-06-10T15:38:16.621+02:00  INFO 23328 --- [           main] c.e.v.service.VelocityService            : Processed: customerId=392, loadId=17341, amount=1630.50, accepted=true
2026-06-10T15:38:16.623+02:00  INFO 23328 --- [           main] c.e.v.service.VelocityService            : Processed: customerId=256, loadId=14821, amount=1466.14, accepted=true
2026-06-10T15:38:16.624+02:00  INFO 23328 --- [           main] c.e.v.service.VelocityService            : Processed: customerId=579, loadId=17876, amount=972.42, accepted=false
2026-06-10T15:38:16.626+02:00  INFO 23328 --- [           main] c.e.v.service.VelocityService            : Processed: customerId=647, loadId=152, amount=2388.60, accepted=true
2026-06-10T15:38:16.627+02:00  INFO 23328 --- [           main] c.e.v.service.VelocityService            : Processed: customerId=528, loadId=25760, amount=5109.17, accepted=false
2026-06-10T15:38:16.629+02:00  INFO 23328 --- [           main] c.e.v.service.VelocityService            : Processed: customerId=35, loadId=71, amount=248.34, accepted=true
2026-06-10T15:38:16.630+02:00  INFO 23328 --- [           main] c.e.v.service.VelocityService            : Processed: customerId=103, loadId=15309, amount=1953.82, accepted=true
2026-06-10T15:38:16.632+02:00  INFO 23328 --- [           main] c.e.v.service.VelocityService            : Processed: customerId=290, loadId=21852, amount=1619.39, accepted=true
[...]
2026-06-10T15:38:17.320+02:00  INFO 23328 --- [           main] c.e.v.service.VelocityService            : Processed: customerId=817, loadId=13290, amount=173.70, accepted=true
2026-06-10T15:38:17.322+02:00  INFO 23328 --- [           main] c.e.v.service.VelocityService            : Processed: customerId=188, loadId=5325, amount=2048.46, accepted=true
2026-06-10T15:38:17.323+02:00  INFO 23328 --- [           main] c.e.v.service.VelocityService            : Processed: customerId=681, loadId=2173, amount=5009.85, accepted=false
2026-06-10T15:38:17.325+02:00  INFO 23328 --- [           main] c.e.v.service.VelocityService            : Processed: customerId=341, loadId=17701, amount=2869.91, accepted=true
2026-06-10T15:38:17.326+02:00  INFO 23328 --- [           main] c.e.v.service.VelocityService            : Processed: customerId=528, loadId=9307, amount=5264.04, accepted=false
2026-06-10T15:38:17.327+02:00  INFO 23328 --- [           main] c.e.v.service.VelocityService            : Processed: customerId=647, loadId=30826, amount=5292.96, accepted=false
2026-06-10T15:38:17.329+02:00  INFO 23328 --- [           main] c.e.v.service.VelocityService            : Processed: customerId=154, loadId=14467, amount=4866.68, accepted=true
2026-06-10T15:38:17.330+02:00  INFO 23328 --- [           main] c.e.v.service.VelocityService            : Processed: customerId=86, loadId=29513, amount=3121.26, accepted=true
2026-06-10T15:38:17.332+02:00  INFO 23328 --- [           main] c.e.v.service.VelocityService            : Processed: customerId=18, loadId=15020, amount=555.94, accepted=true
2026-06-10T15:38:17.334+02:00  INFO 23328 --- [           main] c.e.v.service.VelocityService            : Processed: customerId=103, loadId=905, amount=4412.67, accepted=false
2026-06-10T15:38:17.335+02:00  INFO 23328 --- [           main] c.e.v.service.VelocityService            : Processed: customerId=511, loadId=25796, amount=4903.59, accepted=true
2026-06-10T15:38:17.337+02:00  INFO 23328 --- [           main] c.e.v.service.VelocityService            : Processed: customerId=562, loadId=15279, amount=1797.50, accepted=true
2026-06-10T15:38:17.338+02:00  INFO 23328 --- [           main] c.e.v.service.VelocityService            : Processed: customerId=545, loadId=7431, amount=1449.03, accepted=true
2026-06-10T15:38:17.339+02:00  INFO 23328 --- [           main] c.e.v.service.VelocityService            : Processed: customerId=732, loadId=10382, amount=754.99, accepted=true
2026-06-10T15:38:17.340+02:00  INFO 23328 --- [           main] c.e.v.service.VelocityService            : Processed: customerId=52, loadId=26366, amount=3771.16, accepted=true
2026-06-10T15:38:17.342+02:00  INFO 23328 --- [           main] c.e.v.service.VelocityService            : Processed: customerId=732, loadId=17952, amount=2792.83, accepted=true
2026-06-10T15:38:17.343+02:00  INFO 23328 --- [           main] c.e.v.service.VelocityService            : Processed: customerId=324, loadId=29268, amount=1197.43, accepted=true
2026-06-10T15:38:17.344+02:00  INFO 23328 --- [           main] c.e.v.service.VelocityService            : Processed: customerId=443, loadId=11673, amount=3393.48, accepted=true
2026-06-10T15:38:17.345+02:00  INFO 23328 --- [           main] c.e.v.service.VelocityService            : Processed: customerId=732, loadId=1925, amount=5499.91, accepted=false
2026-06-10T15:38:17.347+02:00  INFO 23328 --- [           main] c.e.v.service.VelocityService            : Processed: customerId=460, loadId=10055, amount=2671.07, accepted=true
2026-06-10T15:38:17.348+02:00  INFO 23328 --- [           main] c.e.v.service.VelocityService            : Processed: customerId=800, loadId=2200, amount=4344.73, accepted=true
2026-06-10T15:38:17.349+02:00  INFO 23328 --- [           main] c.e.v.service.VelocityService            : Processed: customerId=86, loadId=3828, amount=3957.68, accepted=false
2026-06-10T15:38:17.351+02:00  INFO 23328 --- [           main] c.e.v.service.VelocityService            : Processed: customerId=681, loadId=17646, amount=4977.47, accepted=true
2026-06-10T15:38:17.352+02:00  INFO 23328 --- [           main] c.e.v.service.VelocityService            : Processed: customerId=35, loadId=30766, amount=3707.55, accepted=true
2026-06-10T15:38:17.353+02:00  INFO 23328 --- [           main] c.e.v.service.VelocityService            : Processed: customerId=800, loadId=4130, amount=5600.66, accepted=false
2026-06-10T15:38:17.354+02:00  INFO 23328 --- [           main] c.e.v.service.VelocityService            : Processed: customerId=732, loadId=6091, amount=4665.30, accepted=true
2026-06-10T15:38:17.355+02:00  INFO 23328 --- [           main] c.e.v.service.VelocityService            : Processed: customerId=256, loadId=1982, amount=5493.03, accepted=false
2026-06-10T15:38:17.357+02:00  INFO 23328 --- [           main] c.e.v.service.VelocityService            : Processed: customerId=137, loadId=12873, amount=5349.63, accepted=false
2026-06-10T15:38:17.358+02:00  INFO 23328 --- [           main] c.e.v.service.VelocityService            : Processed: customerId=154, loadId=9226, amount=5797.88, accepted=false
2026-06-10T15:38:17.359+02:00  INFO 23328 --- [           main] c.e.v.service.VelocityService            : Processed: customerId=511, loadId=3288, amount=1057.51, accepted=true
2026-06-10T15:38:17.360+02:00  INFO 23328 --- [           main] c.e.v.service.VelocityService            : Processed: customerId=477, loadId=10561, amount=1556.99, accepted=true
2026-06-10T15:38:17.361+02:00  INFO 23328 --- [           main] c.e.v.service.VelocityService            : Processed: customerId=647, loadId=17066, amount=5781.21, accepted=false
2026-06-10T15:38:17.363+02:00  INFO 23328 --- [           main] c.e.v.service.VelocityService            : Processed: customerId=732, loadId=25064, amount=475.00, accepted=false
2026-06-10T15:38:17.364+02:00  INFO 23328 --- [           main] c.e.v.service.VelocityService            : Processed: customerId=154, loadId=18555, amount=2421.68, accepted=true
2026-06-10T15:38:17.365+02:00  INFO 23328 --- [           main] c.e.v.service.VelocityService            : Processed: customerId=732, loadId=15357, amount=5198.50, accepted=false
2026-06-10T15:38:17.366+02:00  INFO 23328 --- [           main] c.e.v.service.VelocityService            : Processed: customerId=579, loadId=19111, amount=2775.31, accepted=true
2026-06-10T15:38:17.367+02:00  INFO 23328 --- [           main] c.e.v.service.VelocityService            : Processed: customerId=732, loadId=6947, amount=3838.06, accepted=false
2026-06-10T15:38:17.368+02:00  INFO 23328 --- [           main] c.e.v.service.VelocityService            : Processed: customerId=375, loadId=24291, amount=4947.03, accepted=true
2026-06-10T15:38:17.370+02:00  INFO 23328 --- [           main] c.e.v.service.VelocityService            : Processed: customerId=766, loadId=480, amount=3677.17, accepted=true
2026-06-10T15:38:17.371+02:00  INFO 23328 --- [           main] c.e.v.service.VelocityService            : Processed: customerId=86, loadId=20170, amount=4799.53, accepted=true
2026-06-10T15:38:17.372+02:00  INFO 23328 --- [           main] c.e.v.service.VelocityService            : Processed: customerId=715, loadId=23876, amount=4356.74, accepted=true
2026-06-10T15:38:17.373+02:00  INFO 23328 --- [           main] c.e.v.service.VelocityService            : Processed: customerId=392, loadId=31788, amount=2640.56, accepted=true
2026-06-10T15:38:17.374+02:00  INFO 23328 --- [           main] c.e.v.service.VelocityService            : Processed: customerId=766, loadId=26135, amount=5070.11, accepted=false
2026-06-10T15:38:17.376+02:00  INFO 23328 --- [           main] c.e.v.service.VelocityService            : Processed: customerId=647, loadId=11538, amount=4375.95, accepted=true
2026-06-10T15:38:17.377+02:00  INFO 23328 --- [           main] c.e.v.service.VelocityService            : Processed: customerId=188, loadId=29328, amount=4983.07, accepted=true
2026-06-10T15:38:17.378+02:00  INFO 23328 --- [           main] c.e.v.service.VelocityService            : Processed: customerId=511, loadId=959, amount=2583.01, accepted=true
2026-06-10T15:38:17.379+02:00  INFO 23328 --- [           main] c.e.v.service.VelocityService            : Processed: customerId=715, loadId=7518, amount=5823.12, accepted=false
2026-06-10T15:38:17.380+02:00  INFO 23328 --- [           main] c.e.v.service.VelocityService            : Processed: customerId=273, loadId=26990, amount=2700.22, accepted=true
2026-06-10T15:38:17.382+02:00  INFO 23328 --- [           main] c.e.v.service.VelocityService            : Processed: customerId=647, loadId=7689, amount=2352.33, accepted=true
2026-06-10T15:38:17.383+02:00  INFO 23328 --- [           main] c.e.v.service.VelocityService            : Processed: customerId=18, loadId=7141, amount=5527.04, accepted=false
2026-06-10T15:38:17.384+02:00  INFO 23328 --- [           main] c.e.v.service.VelocityService            : Processed: customerId=494, loadId=3022, amount=267.85, accepted=true
2026-06-10T15:38:17.385+02:00  INFO 23328 --- [           main] c.e.v.service.VelocityService            : Processed: customerId=307, loadId=24488, amount=1274.85, accepted=true
2026-06-10T15:38:17.387+02:00  INFO 23328 --- [           main] c.e.v.service.VelocityService            : Processed: customerId=630, loadId=26325, amount=4380.20, accepted=true
2026-06-10T15:38:17.388+02:00  INFO 23328 --- [           main] c.e.v.service.VelocityService            : Processed: customerId=715, loadId=25583, amount=4233.71, accepted=true
2026-06-10T15:38:17.390+02:00  INFO 23328 --- [           main] c.e.v.service.VelocityService            : Processed: customerId=647, loadId=5639, amount=4696.74, accepted=false
2026-06-10T15:38:17.391+02:00  INFO 23328 --- [           main] c.e.v.service.VelocityService            : Processed: customerId=783, loadId=28463, amount=4613.61, accepted=true
2026-06-10T15:38:17.392+02:00  INFO 23328 --- [           main] c.e.v.service.VelocityService            : Processed: customerId=290, loadId=19805, amount=2874.35, accepted=true
2026-06-10T15:38:17.394+02:00  INFO 23328 --- [           main] c.e.v.service.VelocityService            : Processed: customerId=681, loadId=9683, amount=2077.12, accepted=true
2026-06-10T15:38:17.395+02:00  INFO 23328 --- [           main] c.e.v.service.VelocityService            : Processed: customerId=613, loadId=20422, amount=4130.84, accepted=true
2026-06-10T15:38:17.396+02:00  INFO 23328 --- [           main] c.e.v.service.VelocityService            : Processed: customerId=222, loadId=629, amount=2062.79, accepted=true
2026-06-10T15:38:17.397+02:00  INFO 23328 --- [           main] c.e.v.service.VelocityService            : Processed: customerId=511, loadId=15026, amount=372.43, accepted=true
2026-06-10T15:38:17.399+02:00  INFO 23328 --- [           main] c.e.v.service.VelocityService            : Processed: customerId=239, loadId=30826, amount=2931.28, accepted=true
2026-06-10T15:38:17.400+02:00  INFO 23328 --- [           main] c.e.v.service.VelocityService            : Processed: customerId=545, loadId=14585, amount=2891.94, accepted=true
2026-06-10T15:38:17.401+02:00  INFO 23328 --- [           main] c.e.v.service.VelocityService            : Processed: customerId=681, loadId=20439, amount=3288.29, accepted=false
2026-06-10T15:38:17.403+02:00  INFO 23328 --- [           main] c.e.v.service.VelocityService            : Processed: customerId=494, loadId=13704, amount=4358.57, accepted=true
2026-06-10T15:38:17.405+02:00  INFO 23328 --- [           main] c.e.v.service.VelocityService            : Processed: customerId=35, loadId=30123, amount=179.85, accepted=true
2026-06-10T15:38:17.407+02:00  INFO 23328 --- [           main] c.e.v.service.VelocityService            : Processed: customerId=307, loadId=6460, amount=4401.26, accepted=false
2026-06-10T15:38:17.408+02:00  INFO 23328 --- [           main] c.e.v.service.VelocityService            : Processed: customerId=1, loadId=24411, amount=3116.50, accepted=true
2026-06-10T15:38:17.410+02:00  INFO 23328 --- [           main] c.e.v.service.VelocityService            : Processed: customerId=426, loadId=13812, amount=5388.16, accepted=false
2026-06-10T15:38:17.411+02:00  INFO 23328 --- [           main] c.e.v.service.VelocityService            : Processed: customerId=120, loadId=13095, amount=2043.97, accepted=true
2026-06-10T15:38:17.412+02:00  INFO 23328 --- [           main] c.e.v.service.VelocityService            : Processed: customerId=35, loadId=9925, amount=2021.13, accepted=true
2026-06-10T15:38:17.413+02:00  INFO 23328 --- [           main] c.e.v.service.VelocityService            : Processed: customerId=273, loadId=9617, amount=610.49, accepted=true
2026-06-10T15:38:17.415+02:00  INFO 23328 --- [           main] c.e.v.service.VelocityService            : Processed: customerId=494, loadId=5888, amount=5337.62, accepted=false
2026-06-10T15:38:17.416+02:00  INFO 23328 --- [           main] c.e.v.service.VelocityService            : Processed: customerId=579, loadId=25463, amount=3177.59, accepted=true
2026-06-10T15:38:17.417+02:00  INFO 23328 --- [           main] c.e.v.service.VelocityService            : Processed: customerId=443, loadId=16052, amount=5563.86, accepted=false
2026-06-10T15:38:17.419+02:00  INFO 23328 --- [           main] c.e.v.service.VelocityService            : Processed: customerId=1, loadId=25125, amount=2071.60, accepted=true
2026-06-10T15:38:17.420+02:00  INFO 23328 --- [           main] c.e.v.service.VelocityService            : Processed: customerId=171, loadId=6406, amount=5663.84, accepted=false
2026-06-10T15:38:17.421+02:00  INFO 23328 --- [           main] c.e.v.service.VelocityService            : Processed: customerId=494, loadId=4923, amount=2912.53, accepted=true
2026-06-10T15:38:17.422+02:00  INFO 23328 --- [           main] c.e.v.service.VelocityService            : Processed: customerId=256, loadId=4393, amount=5593.36, accepted=false
2026-06-10T15:38:17.424+02:00  INFO 23328 --- [           main] c.e.v.service.VelocityService            : Processed: customerId=783, loadId=28061, amount=3061.43, accepted=true
2026-06-10T15:38:17.425+02:00  INFO 23328 --- [           main] c.e.v.service.VelocityService            : Processed: customerId=681, loadId=7185, amount=5175.06, accepted=false
2026-06-10T15:38:17.426+02:00  INFO 23328 --- [           main] c.e.v.service.VelocityService            : Processed: customerId=188, loadId=18654, amount=5746.22, accepted=false
2026-06-10T15:38:17.427+02:00  INFO 23328 --- [           main] c.e.v.service.VelocityService            : Processed: customerId=562, loadId=27723, amount=2104.25, accepted=true
2026-06-10T15:38:17.429+02:00  INFO 23328 --- [           main] c.e.v.service.VelocityService            : Processed: customerId=324, loadId=24693, amount=956.17, accepted=true
2026-06-10T15:38:17.430+02:00  INFO 23328 --- [           main] c.e.v.service.VelocityService            : Processed: customerId=341, loadId=19017, amount=4280.05, accepted=true
2026-06-10T15:38:17.431+02:00  INFO 23328 --- [           main] c.e.v.service.VelocityService            : Processed: customerId=341, loadId=23807, amount=4902.28, accepted=false
2026-06-10T15:38:17.433+02:00  INFO 23328 --- [           main] c.e.v.service.VelocityService            : Processed: customerId=341, loadId=10470, amount=137.75, accepted=true
2026-06-10T15:38:17.434+02:00  INFO 23328 --- [           main] c.e.v.service.VelocityService            : Processed: customerId=596, loadId=8069, amount=5791.81, accepted=false
2026-06-10T15:38:17.435+02:00  INFO 23328 --- [           main] c.e.v.service.VelocityService            : Processed: customerId=545, loadId=20021, amount=1875.96, accepted=true
2026-06-10T15:38:17.436+02:00  INFO 23328 --- [           main] c.e.v.service.VelocityService            : Processed: customerId=239, loadId=18692, amount=5731.07, accepted=false
2026-06-10T15:38:17.438+02:00  INFO 23328 --- [           main] c.e.v.service.VelocityService            : Processed: customerId=511, loadId=15451, amount=2737.99, accepted=true
2026-06-10T15:38:17.439+02:00  INFO 23328 --- [           main] c.e.v.service.VelocityService            : Processed: customerId=715, loadId=15163, amount=1714.77, accepted=true
2026-06-10T15:38:17.440+02:00  INFO 23328 --- [           main] c.e.v.service.VelocityService            : Processed: customerId=154, loadId=17998, amount=2185.78, accepted=true
2026-06-10T15:38:17.441+02:00  INFO 23328 --- [           main] c.e.v.service.VelocityService            : Processed: customerId=392, loadId=19871, amount=3432.10, accepted=true
2026-06-10T15:38:17.443+02:00  INFO 23328 --- [           main] c.e.v.service.VelocityService            : Processed: customerId=375, loadId=30071, amount=2046.96, accepted=true
2026-06-10T15:38:17.444+02:00  INFO 23328 --- [           main] c.e.v.service.VelocityService            : Processed: customerId=613, loadId=12409, amount=4696.75, accepted=true
2026-06-10T15:38:17.446+02:00  INFO 23328 --- [           main] c.e.v.service.VelocityService            : Processed: customerId=358, loadId=27184, amount=2935.32, accepted=true
2026-06-10T15:38:17.447+02:00  INFO 23328 --- [           main] c.e.v.service.VelocityService            : Processed: customerId=800, loadId=9341, amount=3563.59, accepted=true
2026-06-10T15:38:17.448+02:00  INFO 23328 --- [           main] c.e.v.service.VelocityService            : Processed: customerId=256, loadId=31187, amount=3357.26, accepted=true
2026-06-10T15:38:17.450+02:00  INFO 23328 --- [           main] c.e.v.service.VelocityService            : Processed: customerId=749, loadId=3560, amount=2113.17, accepted=true
2026-06-10T15:38:17.451+02:00  INFO 23328 --- [           main] c.e.v.service.VelocityService            : Processed: customerId=528, loadId=23861, amount=2201.20, accepted=true
2026-06-10T15:38:17.452+02:00  INFO 23328 --- [           main] c.e.v.service.VelocityService            : Processed: customerId=460, loadId=6082, amount=4773.93, accepted=true
2026-06-10T15:38:17.454+02:00  INFO 23328 --- [           main] c.e.v.service.VelocityService            : Processed: customerId=477, loadId=17742, amount=3490.83, accepted=true
2026-06-10T15:38:17.455+02:00  INFO 23328 --- [           main] c.e.v.service.VelocityService            : Processed: customerId=494, loadId=31634, amount=5159.54, accepted=false
2026-06-10T15:38:17.456+02:00  INFO 23328 --- [           main] c.e.v.service.VelocityService            : Processed: customerId=409, loadId=1897, amount=3412.50, accepted=true
2026-06-10T15:38:17.458+02:00  INFO 23328 --- [           main] c.e.v.service.VelocityService            : Processed: customerId=494, loadId=29255, amount=4601.23, accepted=true
2026-06-10T15:38:17.464+02:00  INFO 23328 --- [           main] c.e.v.processor.LoadProcessor            : Done. 999 results written to /var/folders/_k/0cqk62ys5q5chvnj5h6751hw0000gq/T/junit-5164074254311500670/output.txt
]]></system-out>
    <system-err><![CDATA[Mockito is currently self-attaching to enable the inline-mock-maker. This will no longer work in future releases of the JDK. Please add Mockito as an agent to your build what is described in Mockito's documentation: https://javadoc.io/doc/org.mockito/mockito-core/latest/org/mockito/Mockito.html#0.3
WARNING: A Java agent has been loaded dynamically (/Users/mati/.m2/repository/net/bytebuddy/byte-buddy-agent/1.15.10/byte-buddy-agent-1.15.10.jar)
WARNING: If a serviceability tool is in use, please run with -XX:+EnableDynamicAgentLoading to hide this warning
WARNING: If a serviceability tool is not in use, please run with -Djdk.instrument.traceUsage for more information
WARNING: Dynamic loading of agents will be disallowed by default in a future release
]]></system-err>
  </testcase>
</testsuite>