<?xml version="1.0" encoding="UTF-8"?>
<testsuite xmlns:xsi="http://www.w3.org/2001/XMLSchema-instance" xsi:noNamespaceSchemaLocation="https://maven.apache.org/surefire/maven-surefire-plugin/xsd/surefire-test-report.xsd" version="3.0.2" name="com.example.velocitylimits.LoadProcessorIntegrationTest" time="0.196" tests="3" errors="0" skipped="0" failures="0">
  <properties>
[...]
</properties>
  <testcase name="shouldHandleEmptyInputGracefully" classname="com.example.velocitylimits.LoadProcessorIntegrationTest" time="0.153">
    <system-out><![CDATA[2026-06-10T15:38:17.561+02:00  INFO 23328 --- [           main] t.c.s.AnnotationConfigContextLoaderUtils : Could not detect default configuration classes for test class [com.example.velocitylimits.LoadProcessorIntegrationTest]: LoadProcessorIntegrationTest does not declare any static, non-private, non-final, nested classes annotated with @Configuration.
2026-06-10T15:38:17.570+02:00  INFO 23328 --- [           main] .b.t.c.SpringBootTestContextBootstrapper : Found @SpringBootConfiguration com.example.velocitylimits.VelocityLimitsApplication for test class com.example.velocitylimits.LoadProcessorIntegrationTest
2026-06-10T15:38:17.725+02:00  INFO 23328 --- [           main] c.e.v.processor.LoadProcessor            : Starting processing: input=/var/folders/_k/0cqk62ys5q5chvnj5h6751hw0000gq/T/junit-63182177631716463/empty.txt, output=/var/folders/_k/0cqk62ys5q5chvnj5h6751hw0000gq/T/junit-63182177631716463/output.txt
2026-06-10T15:38:17.725+02:00  INFO 23328 --- [           main] c.e.v.processor.LoadProcessor            : Done. 0 results written to /var/folders/_k/0cqk62ys5q5chvnj5h6751hw0000gq/T/junit-63182177631716463/output.txt
]]></system-out>
  </testcase>
  <testcase name="shouldHandleMissingInputFileGracefully" classname="com.example.velocitylimits.LoadProcessorIntegrationTest" time="0.005">
    <system-out><![CDATA[2026-06-10T15:38:17.731+02:00  INFO 23328 --- [           main] c.e.v.processor.LoadProcessor            : Starting processing: input=nonexistent_file.txt, output=/var/folders/_k/0cqk62ys5q5chvnj5h6751hw0000gq/T/junit-15359960632436731535/output.txt
2026-06-10T15:38:17.731+02:00  WARN 23328 --- [           main] c.e.v.processor.LoadProcessor            : Input file not found: nonexistent_file.txt. Nothing to process.
]]></system-out>
  </testcase>
  <testcase name="shouldProduceCorrectOutputForSampleInput" classname="com.example.velocitylimits.LoadProcessorIntegrationTest" time="0.02">
    <system-out><![CDATA[2026-06-10T15:38:17.738+02:00  INFO 23328 --- [           main] c.e.v.processor.LoadProcessor            : Starting processing: input=/var/folders/_k/0cqk62ys5q5chvnj5h6751hw0000gq/T/junit-6536116539192834782/input.txt, output=/var/folders/_k/0cqk62ys5q5chvnj5h6751hw0000gq/T/junit-6536116539192834782/output.txt
2026-06-10T15:38:17.740+02:00  INFO 23328 --- [           main] c.e.v.service.VelocityService            : Processed: customerId=1, loadId=1, amount=1000.00, accepted=true
2026-06-10T15:38:17.741+02:00  INFO 23328 --- [           main] c.e.v.service.VelocityService            : Processed: customerId=1, loadId=2, amount=2000.00, accepted=true
2026-06-10T15:38:17.744+02:00  INFO 23328 --- [           main] c.e.v.service.VelocityService            : Processed: customerId=1, loadId=3, amount=2500.00, accepted=false
2026-06-10T15:38:17.746+02:00  INFO 23328 --- [           main] c.e.v.service.VelocityService            : Processed: customerId=1, loadId=4, amount=500.00, accepted=true
2026-06-10T15:38:17.747+02:00  INFO 23328 --- [           main] c.e.v.service.VelocityService            : Processed: customerId=1, loadId=5, amount=100.00, accepted=false
2026-06-10T15:38:17.748+02:00  INFO 23328 --- [           main] c.e.v.processor.LoadProcessor            : Done. 5 results written to /var/folders/_k/0cqk62ys5q5chvnj5h6751hw0000gq/T/junit-6536116539192834782/output.txt
]]></system-out>
  </testcase>
</testsuite>